2018-04-11 13:13:35.211  INFO 11450 --- [main] com.didispace.EurekaConsumerApplication  : No active profile set, falling back to default profiles: default
2018-04-11 13:13:35.225  INFO 11450 --- [main] ationConfigEmbeddedWebApplicationContext : Refreshing org.springframework.boot.context.embedded.AnnotationConfigEmbeddedWebApplicationContext@2b76ff4e: startup date [Wed Apr 11 13:13:35 CST 2018]; parent: org.springframework.context.annotation.AnnotationConfigApplicationContext@2f7298b
2018-04-11 13:13:36.029  INFO 11450 --- [main] o.s.cloud.context.scope.GenericScope     : BeanFactory id=d495a0f7-7642-304f-b6e3-9f72732f93b0
2018-04-11 13:13:36.049  INFO 11450 --- [main] f.a.AutowiredAnnotationBeanPostProcessor : JSR-330 'javax.inject.Inject' annotation found and supported for autowiring
2018-04-11 13:13:36.104  INFO 11450 --- [main] trationDelegate$BeanPostProcessorChecker : Bean 'org.springframework.cloud.netflix.metrics.MetricsInterceptorConfiguration$MetricsRestTemplateConfiguration' of type [org.springframework.cloud.netflix.metrics.MetricsInterceptorConfiguration$MetricsRestTemplateConfiguration$$EnhancerBySpringCGLIB$$c32aca25] is not eligible for getting processed by all BeanPostProcessors (for example: not eligible for auto-proxying)
2018-04-11 13:13:36.116  INFO 11450 --- [main] trationDelegate$BeanPostProcessorChecker : Bean 'org.springframework.cloud.autoconfigure.ConfigurationPropertiesRebinderAutoConfiguration' of type [org.springframework.cloud.autoconfigure.ConfigurationPropertiesRebinderAutoConfiguration$$EnhancerBySpringCGLIB$$ad1826e1] is not eligible for getting processed by all BeanPostProcessors (for example: not eligible for auto-proxying)
2018-04-11 13:13:36.340  INFO 11450 --- [main] s.b.c.e.t.TomcatEmbeddedServletContainer : Tomcat initialized with port(s): 2101 (http)
2018-04-11 13:13:36.348  INFO 11450 --- [main] o.apache.catalina.core.StandardService   : Starting service [Tomcat]
2018-04-11 13:13:36.349  INFO 11450 --- [main] org.apache.catalina.core.StandardEngine  : Starting Servlet Engine: Apache Tomcat/8.5.15
2018-04-11 13:13:36.434  INFO 11450 --- [localhost-startStop-1] o.a.c.c.C.[Tomcat].[localhost].[/]       : Initializing Spring embedded WebApplicationContext
2018-04-11 13:13:36.434  INFO 11450 --- [localhost-startStop-1] o.s.web.context.ContextLoader            : Root WebApplicationContext: initialization completed in 1209 ms
2018-04-11 13:13:36.618  INFO 11450 --- [localhost-startStop-1] o.s.b.w.servlet.ServletRegistrationBean  : Mapping servlet: 'dispatcherServlet' to [/]
2018-04-11 13:13:36.621  INFO 11450 --- [localhost-startStop-1] o.s.b.w.servlet.FilterRegistrationBean   : Mapping filter: 'metricsFilter' to: [/*]
2018-04-11 13:13:36.622  INFO 11450 --- [localhost-startStop-1] o.s.b.w.servlet.FilterRegistrationBean   : Mapping filter: 'characterEncodingFilter' to: [/*]
2018-04-11 13:13:36.622  INFO 11450 --- [localhost-startStop-1] o.s.b.w.servlet.FilterRegistrationBean   : Mapping filter: 'hiddenHttpMethodFilter' to: [/*]
2018-04-11 13:13:36.622  INFO 11450 --- [localhost-startStop-1] o.s.b.w.servlet.FilterRegistrationBean   : Mapping filter: 'httpPutFormContentFilter' to: [/*]
2018-04-11 13:13:36.622  INFO 11450 --- [localhost-startStop-1] o.s.b.w.servlet.FilterRegistrationBean   : Mapping filter: 'requestContextFilter' to: [/*]
2018-04-11 13:13:36.623  INFO 11450 --- [localhost-startStop-1] o.s.b.w.servlet.FilterRegistrationBean   : Mapping filter: 'webRequestLoggingFilter' to: [/*]
2018-04-11 13:13:36.623  INFO 11450 --- [localhost-startStop-1] o.s.b.w.servlet.FilterRegistrationBean   : Mapping filter: 'applicationContextIdFilter' to: [/*]
2018-04-11 13:13:37.153  INFO 11450 --- [main] s.w.s.m.m.a.RequestMappingHandlerAdapter : Looking for @ControllerAdvice: org.springframework.boot.context.embedded.AnnotationConfigEmbeddedWebApplicationContext@2b76ff4e: startup date [Wed Apr 11 13:13:35 CST 2018]; parent: org.springframework.context.annotation.AnnotationConfigApplicationContext@2f7298b
2018-04-11 13:13:37.215  INFO 11450 --- [main] s.w.s.m.m.a.RequestMappingHandlerMapping : Mapped "{[/consumer],methods=[GET]}" onto public java.lang.String com.didispace.DcController.dc()
2018-04-11 13:13:37.219  INFO 11450 --- [main] s.w.s.m.m.a.RequestMappingHandlerMapping : Mapped "{[/error]}" onto public org.springframework.http.ResponseEntity<java.util.Map<java.lang.String, java.lang.Object>> org.springframework.boot.autoconfigure.web.BasicErrorController.error(javax.servlet.http.HttpServletRequest)
2018-04-11 13:13:37.219  INFO 11450 --- [main] s.w.s.m.m.a.RequestMappingHandlerMapping : Mapped "{[/error],produces=[text/html]}" onto public org.springframework.web.servlet.ModelAndView org.springframework.boot.autoconfigure.web.BasicErrorController.errorHtml(javax.servlet.http.HttpServletRequest,javax.servlet.http.HttpServletResponse)
2018-04-11 13:13:37.250  INFO 11450 --- [main] o.s.w.s.handler.SimpleUrlHandlerMapping  : Mapped URL path [/webjars/**] onto handler of type [class org.springframework.web.servlet.resource.ResourceHttpRequestHandler]
2018-04-11 13:13:37.251  INFO 11450 --- [main] o.s.w.s.handler.SimpleUrlHandlerMapping  : Mapped URL path [/**] onto handler of type [class org.springframework.web.servlet.resource.ResourceHttpRequestHandler]
2018-04-11 13:13:37.286  INFO 11450 --- [main] o.s.w.s.handler.SimpleUrlHandlerMapping  : Mapped URL path [/**/favicon.ico] onto handler of type [class org.springframework.web.servlet.resource.ResourceHttpRequestHandler]
2018-04-11 13:13:37.711  INFO 11450 --- [main] o.s.b.a.e.mvc.EndpointHandlerMapping     : Mapped "{[/features || /features.json],methods=[GET],produces=[application/vnd.spring-boot.actuator.v1+json || application/json]}" onto public java.lang.Object org.springframework.boot.actuate.endpoint.mvc.EndpointMvcAdapter.invoke()
2018-04-11 13:13:37.712  INFO 11450 --- [main] o.s.b.a.e.mvc.EndpointHandlerMapping     : Mapped "{[/heapdump || /heapdump.json],methods=[GET],produces=[application/octet-stream]}" onto public void org.springframework.boot.actuate.endpoint.mvc.HeapdumpMvcEndpoint.invoke(boolean,javax.servlet.http.HttpServletRequest,javax.servlet.http.HttpServletResponse) throws java.io.IOException,javax.servlet.ServletException
2018-04-11 13:13:37.713  INFO 11450 --- [main] o.s.b.a.e.mvc.EndpointHandlerMapping     : Mapped "{[/resume || /resume.json],methods=[POST]}" onto public java.lang.Object org.springframework.cloud.endpoint.GenericPostableMvcEndpoint.invoke()
2018-04-11 13:13:37.713  INFO 11450 --- [main] o.s.b.a.e.mvc.EndpointHandlerMapping     : Mapped "{[/archaius || /archaius.json],methods=[GET],produces=[application/vnd.spring-boot.actuator.v1+json || application/json]}" onto public java.lang.Object org.springframework.boot.actuate.endpoint.mvc.EndpointMvcAdapter.invoke()
2018-04-11 13:13:37.714  INFO 11450 --- [main] o.s.b.a.e.mvc.EndpointHandlerMapping     : Mapped "{[/pause || /pause.json],methods=[POST]}" onto public java.lang.Object org.springframework.cloud.endpoint.GenericPostableMvcEndpoint.invoke()
2018-04-11 13:13:37.715  INFO 11450 --- [main] o.s.b.a.e.mvc.EndpointHandlerMapping     : Mapped "{[/autoconfig || /autoconfig.json],methods=[GET],produces=[application/vnd.spring-boot.actuator.v1+json || application/json]}" onto public java.lang.Object org.springframework.boot.actuate.endpoint.mvc.EndpointMvcAdapter.invoke()
2018-04-11 13:13:37.715  INFO 11450 --- [main] o.s.b.a.e.mvc.EndpointHandlerMapping     : Mapped "{[/mappings || /mappings.json],methods=[GET],produces=[application/vnd.spring-boot.actuator.v1+json || application/json]}" onto public java.lang.Object org.springframework.boot.actuate.endpoint.mvc.EndpointMvcAdapter.invoke()
2018-04-11 13:13:37.718  INFO 11450 --- [main] o.s.b.a.e.mvc.EndpointHandlerMapping     : Mapped "{[/loggers/{name:.*}],methods=[GET],produces=[application/vnd.spring-boot.actuator.v1+json || application/json]}" onto public java.lang.Object org.springframework.boot.actuate.endpoint.mvc.LoggersMvcEndpoint.get(java.lang.String)
2018-04-11 13:13:37.718  INFO 11450 --- [main] o.s.b.a.e.mvc.EndpointHandlerMapping     : Mapped "{[/loggers/{name:.*}],methods=[POST],consumes=[application/vnd.spring-boot.actuator.v1+json || application/json],produces=[application/vnd.spring-boot.actuator.v1+json || application/json]}" onto public java.lang.Object org.springframework.boot.actuate.endpoint.mvc.LoggersMvcEndpoint.set(java.lang.String,java.util.Map<java.lang.String, java.lang.String>)
2018-04-11 13:13:37.718  INFO 11450 --- [main] o.s.b.a.e.mvc.EndpointHandlerMapping     : Mapped "{[/loggers || /loggers.json],methods=[GET],produces=[application/vnd.spring-boot.actuator.v1+json || application/json]}" onto public java.lang.Object org.springframework.boot.actuate.endpoint.mvc.EndpointMvcAdapter.invoke()
2018-04-11 13:13:37.719  INFO 11450 --- [main] o.s.b.a.e.mvc.EndpointHandlerMapping     : Mapped "{[/metrics/{name:.*}],methods=[GET],produces=[application/vnd.spring-boot.actuator.v1+json || application/json]}" onto public java.lang.Object org.springframework.boot.actuate.endpoint.mvc.MetricsMvcEndpoint.value(java.lang.String)
2018-04-11 13:13:37.719  INFO 11450 --- [main] o.s.b.a.e.mvc.EndpointHandlerMapping     : Mapped "{[/metrics || /metrics.json],methods=[GET],produces=[application/vnd.spring-boot.actuator.v1+json || application/json]}" onto public java.lang.Object org.springframework.boot.actuate.endpoint.mvc.EndpointMvcAdapter.invoke()
2018-04-11 13:13:37.719  INFO 11450 --- [main] o.s.b.a.e.mvc.EndpointHandlerMapping     : Mapped "{[/service-registry/instance-status],methods=[GET]}" onto public org.springframework.http.ResponseEntity org.springframework.cloud.client.serviceregistry.endpoint.ServiceRegistryEndpoint.getStatus()
2018-04-11 13:13:37.720  INFO 11450 --- [main] o.s.b.a.e.mvc.EndpointHandlerMapping     : Mapped "{[/service-registry/instance-status],methods=[POST]}" onto public org.springframework.http.ResponseEntity<?> org.springframework.cloud.client.serviceregistry.endpoint.ServiceRegistryEndpoint.setStatus(java.lang.String)
2018-04-11 13:13:37.720  INFO 11450 --- [main] o.s.b.a.e.mvc.EndpointHandlerMapping     : Mapped "{[/beans || /beans.json],methods=[GET],produces=[application/vnd.spring-boot.actuator.v1+json || application/json]}" onto public java.lang.Object org.springframework.boot.actuate.endpoint.mvc.EndpointMvcAdapter.invoke()
2018-04-11 13:13:37.721  INFO 11450 --- [main] o.s.b.a.e.mvc.EndpointHandlerMapping     : Mapped "{[/env/{name:.*}],methods=[GET],produces=[application/vnd.spring-boot.actuator.v1+json || application/json]}" onto public java.lang.Object org.springframework.boot.actuate.endpoint.mvc.EnvironmentMvcEndpoint.value(java.lang.String)
2018-04-11 13:13:37.721  INFO 11450 --- [main] o.s.b.a.e.mvc.EndpointHandlerMapping     : Mapped "{[/env || /env.json],methods=[GET],produces=[application/vnd.spring-boot.actuator.v1+json || application/json]}" onto public java.lang.Object org.springframework.boot.actuate.endpoint.mvc.EndpointMvcAdapter.invoke()
2018-04-11 13:13:37.722  INFO 11450 --- [main] o.s.b.a.e.mvc.EndpointHandlerMapping     : Mapped "{[/configprops || /configprops.json],methods=[GET],produces=[application/vnd.spring-boot.actuator.v1+json || application/json]}" onto public java.lang.Object org.springframework.boot.actuate.endpoint.mvc.EndpointMvcAdapter.invoke()
2018-04-11 13:13:37.722  INFO 11450 --- [main] o.s.b.a.e.mvc.EndpointHandlerMapping     : Mapped "{[/info || /info.json],methods=[GET],produces=[application/vnd.spring-boot.actuator.v1+json || application/json]}" onto public java.lang.Object org.springframework.boot.actuate.endpoint.mvc.EndpointMvcAdapter.invoke()
2018-04-11 13:13:37.723  INFO 11450 --- [main] o.s.b.a.e.mvc.EndpointHandlerMapping     : Mapped "{[/health || /health.json],methods=[GET],produces=[application/vnd.spring-boot.actuator.v1+json || application/json]}" onto public java.lang.Object org.springframework.boot.actuate.endpoint.mvc.HealthMvcEndpoint.invoke(javax.servlet.http.HttpServletRequest,java.security.Principal)
2018-04-11 13:13:37.723  INFO 11450 --- [main] o.s.b.a.e.mvc.EndpointHandlerMapping     : Mapped "{[/dump || /dump.json],methods=[GET],produces=[application/vnd.spring-boot.actuator.v1+json || application/json]}" onto public java.lang.Object org.springframework.boot.actuate.endpoint.mvc.EndpointMvcAdapter.invoke()
2018-04-11 13:13:37.724  INFO 11450 --- [main] o.s.b.a.e.mvc.EndpointHandlerMapping     : Mapped "{[/auditevents || /auditevents.json],methods=[GET],produces=[application/vnd.spring-boot.actuator.v1+json || application/json]}" onto public org.springframework.http.ResponseEntity<?> org.springframework.boot.actuate.endpoint.mvc.AuditEventsMvcEndpoint.findByPrincipalAndAfterAndType(java.lang.String,java.util.Date,java.lang.String)
2018-04-11 13:13:37.724  INFO 11450 --- [main] o.s.b.a.e.mvc.EndpointHandlerMapping     : Mapped "{[/env],methods=[POST]}" onto public java.lang.Object org.springframework.cloud.context.environment.EnvironmentManagerMvcEndpoint.value(java.util.Map<java.lang.String, java.lang.String>)
2018-04-11 13:13:37.725  INFO 11450 --- [main] o.s.b.a.e.mvc.EndpointHandlerMapping     : Mapped "{[/env/reset],methods=[POST]}" onto public java.util.Map<java.lang.String, java.lang.Object> org.springframework.cloud.context.environment.EnvironmentManagerMvcEndpoint.reset()
2018-04-11 13:13:37.726  INFO 11450 --- [main] o.s.b.a.e.mvc.EndpointHandlerMapping     : Mapped "{[/logfile || /logfile.json],methods=[GET || HEAD]}" onto public void org.springframework.boot.actuate.endpoint.mvc.LogFileMvcEndpoint.invoke(javax.servlet.http.HttpServletRequest,javax.servlet.http.HttpServletResponse) throws javax.servlet.ServletException,java.io.IOException
2018-04-11 13:13:37.727  INFO 11450 --- [main] o.s.b.a.e.mvc.EndpointHandlerMapping     : Mapped "{[/refresh || /refresh.json],methods=[POST]}" onto public java.lang.Object org.springframework.cloud.endpoint.GenericPostableMvcEndpoint.invoke()
2018-04-11 13:13:37.727  INFO 11450 --- [main] o.s.b.a.e.mvc.EndpointHandlerMapping     : Mapped "{[/trace || /trace.json],methods=[GET],produces=[application/vnd.spring-boot.actuator.v1+json || application/json]}" onto public java.lang.Object org.springframework.boot.actuate.endpoint.mvc.EndpointMvcAdapter.invoke()
2018-04-11 13:13:37.728  INFO 11450 --- [main] o.s.b.a.e.mvc.EndpointHandlerMapping     : Mapped "{[/restart || /restart.json],methods=[POST]}" onto public java.lang.Object org.springframework.cloud.context.restart.RestartMvcEndpoint.invoke()
2018-04-11 13:13:37.838  WARN 11450 --- [main] c.n.c.sources.URLConfigurationSource     : No URLs will be polled as dynamic configuration sources.
2018-04-11 13:13:37.838  INFO 11450 --- [main] c.n.c.sources.URLConfigurationSource     : To enable URLs as dynamic configuration sources, define System property archaius.configurationSource.additionalUrls or make config.properties available on classpath.
2018-04-11 13:13:37.842  WARN 11450 --- [main] c.n.c.sources.URLConfigurationSource     : No URLs will be polled as dynamic configuration sources.
2018-04-11 13:13:37.842  INFO 11450 --- [main] c.n.c.sources.URLConfigurationSource     : To enable URLs as dynamic configuration sources, define System property archaius.configurationSource.additionalUrls or make config.properties available on classpath.
2018-04-11 13:13:37.933  INFO 11450 --- [main] o.s.j.e.a.AnnotationMBeanExporter        : Registering beans for JMX exposure on startup
2018-04-11 13:13:37.944  INFO 11450 --- [main] o.s.j.e.a.AnnotationMBeanExporter        : Bean with name 'environmentManager' has been autodetected for JMX exposure
2018-04-11 13:13:37.946  INFO 11450 --- [main] o.s.j.e.a.AnnotationMBeanExporter        : Bean with name 'configurationPropertiesRebinder' has been autodetected for JMX exposure
2018-04-11 13:13:37.947  INFO 11450 --- [main] o.s.j.e.a.AnnotationMBeanExporter        : Bean with name 'refreshEndpoint' has been autodetected for JMX exposure
2018-04-11 13:13:37.948  INFO 11450 --- [main] o.s.j.e.a.AnnotationMBeanExporter        : Bean with name 'restartEndpoint' has been autodetected for JMX exposure
2018-04-11 13:13:37.949  INFO 11450 --- [main] o.s.j.e.a.AnnotationMBeanExporter        : Bean with name 'serviceRegistryEndpoint' has been autodetected for JMX exposure
2018-04-11 13:13:37.950  INFO 11450 --- [main] o.s.j.e.a.AnnotationMBeanExporter        : Bean with name 'refreshScope' has been autodetected for JMX exposure
2018-04-11 13:13:37.952  INFO 11450 --- [main] o.s.j.e.a.AnnotationMBeanExporter        : Located managed bean 'environmentManager': registering with JMX server as MBean [org.springframework.cloud.context.environment:name=environmentManager,type=EnvironmentManager]
2018-04-11 13:13:37.965  INFO 11450 --- [main] o.s.j.e.a.AnnotationMBeanExporter        : Located managed bean 'restartEndpoint': registering with JMX server as MBean [org.springframework.cloud.context.restart:name=restartEndpoint,type=RestartEndpoint]
2018-04-11 13:13:37.976  INFO 11450 --- [main] o.s.j.e.a.AnnotationMBeanExporter        : Located managed bean 'serviceRegistryEndpoint': registering with JMX server as MBean [org.springframework.cloud.client.serviceregistry.endpoint:name=serviceRegistryEndpoint,type=ServiceRegistryEndpoint]
2018-04-11 13:13:37.982  INFO 11450 --- [main] o.s.j.e.a.AnnotationMBeanExporter        : Located managed bean 'refreshScope': registering with JMX server as MBean [org.springframework.cloud.context.scope.refresh:name=refreshScope,type=RefreshScope]
2018-04-11 13:13:38.014  INFO 11450 --- [main] o.s.j.e.a.AnnotationMBeanExporter        : Located managed bean 'configurationPropertiesRebinder': registering with JMX server as MBean [org.springframework.cloud.context.properties:name=configurationPropertiesRebinder,context=2b76ff4e,type=ConfigurationPropertiesRebinder]
2018-04-11 13:13:38.018  INFO 11450 --- [main] o.s.j.e.a.AnnotationMBeanExporter        : Located managed bean 'refreshEndpoint': registering with JMX server as MBean [org.springframework.cloud.endpoint:name=refreshEndpoint,type=RefreshEndpoint]
2018-04-11 13:13:38.169  INFO 11450 --- [main] o.s.c.support.DefaultLifecycleProcessor  : Starting beans in phase 0
2018-04-11 13:13:38.175  INFO 11450 --- [main] o.s.c.n.eureka.InstanceInfoFactory       : Setting initial instance status as: STARTING
2018-04-11 13:13:38.203  INFO 11450 --- [main] com.netflix.discovery.DiscoveryClient    : Initializing Eureka in region us-east-1
2018-04-11 13:13:38.389  INFO 11450 --- [main] c.n.d.provider.DiscoveryJerseyProvider   : Using JSON encoding codec LegacyJacksonJson
2018-04-11 13:13:38.389  INFO 11450 --- [main] c.n.d.provider.DiscoveryJerseyProvider   : Using JSON decoding codec LegacyJacksonJson
2018-04-11 13:13:38.583  INFO 11450 --- [main] c.n.d.provider.DiscoveryJerseyProvider   : Using XML encoding codec XStreamXml
2018-04-11 13:13:38.583  INFO 11450 --- [main] c.n.d.provider.DiscoveryJerseyProvider   : Using XML decoding codec XStreamXml
2018-04-11 13:13:38.736  INFO 11450 --- [main] c.n.d.s.r.aws.ConfigClusterResolver      : Resolving eureka endpoints via configuration
2018-04-11 13:13:38.750  INFO 11450 --- [main] com.netflix.discovery.DiscoveryClient    : Disable delta property : false
2018-04-11 13:13:38.750  INFO 11450 --- [main] com.netflix.discovery.DiscoveryClient    : Single vip registry refresh property : null
2018-04-11 13:13:38.750  INFO 11450 --- [main] com.netflix.discovery.DiscoveryClient    : Force full registry fetch : false
2018-04-11 13:13:38.750  INFO 11450 --- [main] com.netflix.discovery.DiscoveryClient    : Application is null : false
2018-04-11 13:13:38.750  INFO 11450 --- [main] com.netflix.discovery.DiscoveryClient    : Registered Applications size is zero : true
2018-04-11 13:13:38.750  INFO 11450 --- [main] com.netflix.discovery.DiscoveryClient    : Application version is -1: true
2018-04-11 13:13:38.750  INFO 11450 --- [main] com.netflix.discovery.DiscoveryClient    : Getting all instance registry info from the eureka server
2018-04-11 13:13:38.872  INFO 11450 --- [main] com.netflix.discovery.DiscoveryClient    : The response status is 200
2018-04-11 13:13:38.874  INFO 11450 --- [main] com.netflix.discovery.DiscoveryClient    : Starting heartbeat executor: renew interval is: 30
2018-04-11 13:13:38.875  INFO 11450 --- [main] c.n.discovery.InstanceInfoReplicator     : InstanceInfoReplicator onDemand update allowed rate per min is 4
2018-04-11 13:13:38.877  INFO 11450 --- [main] com.netflix.discovery.DiscoveryClient    : Discovery Client initialized at timestamp 1523423618877 with initial instances count: 1
2018-04-11 13:13:38.896  INFO 11450 --- [main] o.s.c.n.e.s.EurekaServiceRegistry        : Registering application eureka-consumer with eureka with status UP
2018-04-11 13:13:38.897  INFO 11450 --- [main] com.netflix.discovery.DiscoveryClient    : Saw local status change event StatusChangeEvent [timestamp=1523423618896, current=UP, previous=STARTING]
2018-04-11 13:13:38.898  INFO 11450 --- [DiscoveryClient-InstanceInfoReplicator-0] com.netflix.discovery.DiscoveryClient    : DiscoveryClient_EUREKA-CONSUMER/10.100.70.146:eureka-consumer:2101: registering service...
2018-04-11 13:13:38.928  INFO 11450 --- [DiscoveryClient-InstanceInfoReplicator-0] com.netflix.discovery.DiscoveryClient    : DiscoveryClient_EUREKA-CONSUMER/10.100.70.146:eureka-consumer:2101 - registration status: 204
2018-04-11 13:13:39.000  INFO 11450 --- [main] s.b.c.e.t.TomcatEmbeddedServletContainer : Tomcat started on port(s): 2101 (http)
2018-04-11 13:13:39.001  INFO 11450 --- [main] .s.c.n.e.s.EurekaAutoServiceRegistration : Updating port to 2101
2018-04-11 13:13:39.005  INFO 11450 --- [main] com.didispace.EurekaConsumerApplication  : Started EurekaConsumerApplication in 4.942 seconds (JVM running for 5.701)
2018-04-11 13:13:52.524  INFO 11450 --- [http-nio-2101-exec-1] o.apache.tomcat.util.http.parser.Cookie  : A cookie header was received [1516605518; Hm_lvt_edfb46af1eb24cac4b18e0cfb3af01f0=1511420387; Idea-c5ee07ed=e55284e9-8bb1-4255-b662-4aae2213860c; Hm_lvt_016f5d60f3fb81c4ce4a180a4caec134=1522822076; UM_distinctid=1628f44d96c2b4-0f2ece24b0e4c9-495863-1fa400-1628f44d96efbb; CNZZDATA5796950=cnzz_eid%3D1521381690-1522820326-%26ntime%3D1392358528%26cnzz_a%3D0%26ltime%3D1522822076826] that contained an invalid cookie. That cookie will be ignored.Note: further occurrences of this error will be logged at DEBUG level.
2018-04-11 13:13:52.531  INFO 11450 --- [http-nio-2101-exec-1] o.a.c.c.C.[Tomcat].[localhost].[/]       : Initializing Spring FrameworkServlet 'dispatcherServlet'
2018-04-11 13:13:52.531  INFO 11450 --- [http-nio-2101-exec-1] o.s.web.servlet.DispatcherServlet        : FrameworkServlet 'dispatcherServlet': initialization started
2018-04-11 13:13:52.546  INFO 11450 --- [http-nio-2101-exec-1] o.s.web.servlet.DispatcherServlet        : FrameworkServlet 'dispatcherServlet': initialization completed in 15 ms
2018-04-11 13:13:52.576  INFO 11450 --- [http-nio-2101-exec-1] s.c.a.AnnotationConfigApplicationContext : Refreshing org.springframework.context.annotation.AnnotationConfigApplicationContext@203a64e3: startup date [Wed Apr 11 13:13:52 CST 2018]; parent: org.springframework.boot.context.embedded.AnnotationConfigEmbeddedWebApplicationContext@2b76ff4e
2018-04-11 13:13:52.646  INFO 11450 --- [http-nio-2101-exec-1] f.a.AutowiredAnnotationBeanPostProcessor : JSR-330 'javax.inject.Inject' annotation found and supported for autowiring
2018-04-11 13:13:52.893  INFO 11450 --- [http-nio-2101-exec-1] c.netflix.config.ChainedDynamicProperty  : Flipping property: eureka-client.ribbon.ActiveConnectionsLimit to use NEXT property: niws.loadbalancer.availabilityFilteringRule.activeConnectionsLimit = 2147483647
2018-04-11 13:13:52.907  INFO 11450 --- [http-nio-2101-exec-1] c.n.u.concurrent.ShutdownEnabledTimer    : Shutdown hook installed for: NFLoadBalancer-PingTimer-eureka-client
2018-04-11 13:13:52.923  INFO 11450 --- [http-nio-2101-exec-1] c.netflix.loadbalancer.BaseLoadBalancer  : Client: eureka-client instantiated a LoadBalancer: DynamicServerListLoadBalancer:{NFLoadBalancer:name=eureka-client,current list of Servers=[],Load balancer stats=Zone stats: {},Server stats: []}ServerList:null
2018-04-11 13:13:52.928  INFO 11450 --- [http-nio-2101-exec-1] c.n.l.DynamicServerListLoadBalancer      : Using serverListUpdater PollingServerListUpdater
2018-04-11 13:13:52.956  INFO 11450 --- [http-nio-2101-exec-1] c.netflix.config.ChainedDynamicProperty  : Flipping property: eureka-client.ribbon.ActiveConnectionsLimit to use NEXT property: niws.loadbalancer.availabilityFilteringRule.activeConnectionsLimit = 2147483647
2018-04-11 13:13:52.958  INFO 11450 --- [http-nio-2101-exec-1] c.n.l.DynamicServerListLoadBalancer      : DynamicServerListLoadBalancer for client eureka-client initialized: DynamicServerListLoadBalancer:{NFLoadBalancer:name=eureka-client,current list of Servers=[10.100.70.146:8082],Load balancer stats=Zone stats: {defaultzone=[Zone:defaultzone;	Instance count:1;	Active connections count: 0;	Circuit breaker tripped count: 0;	Active connections per server: 0.0;]
},Server stats: [[Server:10.100.70.146:8082;	Zone:defaultZone;	Total Requests:0;	Successive connection failure:0;	Total blackout seconds:0;	Last connection made:Thu Jan 01 08:00:00 CST 1970;	First connection made: Thu Jan 01 08:00:00 CST 1970;	Active Connections:0;	total failure count in last (1000) msecs:0;	average resp time:0.0;	90 percentile resp time:0.0;	95 percentile resp time:0.0;	min resp time:0.0;	max resp time:0.0;	stddev resp time:0.0]
]}ServerList:org.springframework.cloud.netflix.ribbon.eureka.DomainExtractingServerList@79331555
2018-04-11 13:13:53.936  INFO 11450 --- [PollingServerListUpdater-0] c.netflix.config.ChainedDynamicProperty  : Flipping property: eureka-client.ribbon.ActiveConnectionsLimit to use NEXT property: niws.loadbalancer.availabilityFilteringRule.activeConnectionsLimit = 2147483647
2018-04-11 13:18:06.249  INFO 11483 --- [main] c.d.EurekaConsumerRibbonApplication      : No active profile set, falling back to default profiles: default
2018-04-11 13:18:06.262  INFO 11483 --- [main] ationConfigEmbeddedWebApplicationContext : Refreshing org.springframework.boot.context.embedded.AnnotationConfigEmbeddedWebApplicationContext@31c7528f: startup date [Wed Apr 11 13:18:06 CST 2018]; parent: org.springframework.context.annotation.AnnotationConfigApplicationContext@16ec5519
2018-04-11 13:18:07.051  INFO 11483 --- [main] o.s.cloud.context.scope.GenericScope     : BeanFactory id=ad587c66-7e55-3bcc-8337-8f532273e864
2018-04-11 13:18:07.069  INFO 11483 --- [main] f.a.AutowiredAnnotationBeanPostProcessor : JSR-330 'javax.inject.Inject' annotation found and supported for autowiring
2018-04-11 13:18:07.128  INFO 11483 --- [main] trationDelegate$BeanPostProcessorChecker : Bean 'org.springframework.cloud.netflix.metrics.MetricsInterceptorConfiguration$MetricsRestTemplateConfiguration' of type [org.springframework.cloud.netflix.metrics.MetricsInterceptorConfiguration$MetricsRestTemplateConfiguration$$EnhancerBySpringCGLIB$$324ae25c] is not eligible for getting processed by all BeanPostProcessors (for example: not eligible for auto-proxying)
2018-04-11 13:18:07.139  INFO 11483 --- [main] trationDelegate$BeanPostProcessorChecker : Bean 'org.springframework.cloud.autoconfigure.ConfigurationPropertiesRebinderAutoConfiguration' of type [org.springframework.cloud.autoconfigure.ConfigurationPropertiesRebinderAutoConfiguration$$EnhancerBySpringCGLIB$$1c383f18] is not eligible for getting processed by all BeanPostProcessors (for example: not eligible for auto-proxying)
2018-04-11 13:18:07.371  INFO 11483 --- [main] s.b.c.e.t.TomcatEmbeddedServletContainer : Tomcat initialized with port(s): 2102 (http)
2018-04-11 13:18:07.379  INFO 11483 --- [main] o.apache.catalina.core.StandardService   : Starting service [Tomcat]
2018-04-11 13:18:07.380  INFO 11483 --- [main] org.apache.catalina.core.StandardEngine  : Starting Servlet Engine: Apache Tomcat/8.5.15
2018-04-11 13:18:07.464  INFO 11483 --- [localhost-startStop-1] o.a.c.c.C.[Tomcat].[localhost].[/]       : Initializing Spring embedded WebApplicationContext
2018-04-11 13:18:07.464  INFO 11483 --- [localhost-startStop-1] o.s.web.context.ContextLoader            : Root WebApplicationContext: initialization completed in 1202 ms
2018-04-11 13:18:07.656  INFO 11483 --- [localhost-startStop-1] o.s.b.w.servlet.ServletRegistrationBean  : Mapping servlet: 'dispatcherServlet' to [/]
2018-04-11 13:18:07.660  INFO 11483 --- [localhost-startStop-1] o.s.b.w.servlet.FilterRegistrationBean   : Mapping filter: 'metricsFilter' to: [/*]
2018-04-11 13:18:07.660  INFO 11483 --- [localhost-startStop-1] o.s.b.w.servlet.FilterRegistrationBean   : Mapping filter: 'characterEncodingFilter' to: [/*]
2018-04-11 13:18:07.660  INFO 11483 --- [localhost-startStop-1] o.s.b.w.servlet.FilterRegistrationBean   : Mapping filter: 'hiddenHttpMethodFilter' to: [/*]
2018-04-11 13:18:07.661  INFO 11483 --- [localhost-startStop-1] o.s.b.w.servlet.FilterRegistrationBean   : Mapping filter: 'httpPutFormContentFilter' to: [/*]
2018-04-11 13:18:07.661  INFO 11483 --- [localhost-startStop-1] o.s.b.w.servlet.FilterRegistrationBean   : Mapping filter: 'requestContextFilter' to: [/*]
2018-04-11 13:18:07.661  INFO 11483 --- [localhost-startStop-1] o.s.b.w.servlet.FilterRegistrationBean   : Mapping filter: 'webRequestLoggingFilter' to: [/*]
2018-04-11 13:18:07.661  INFO 11483 --- [localhost-startStop-1] o.s.b.w.servlet.FilterRegistrationBean   : Mapping filter: 'applicationContextIdFilter' to: [/*]
2018-04-11 13:18:08.187  INFO 11483 --- [main] s.w.s.m.m.a.RequestMappingHandlerAdapter : Looking for @ControllerAdvice: org.springframework.boot.context.embedded.AnnotationConfigEmbeddedWebApplicationContext@31c7528f: startup date [Wed Apr 11 13:18:06 CST 2018]; parent: org.springframework.context.annotation.AnnotationConfigApplicationContext@16ec5519
2018-04-11 13:18:08.252  INFO 11483 --- [main] s.w.s.m.m.a.RequestMappingHandlerMapping : Mapped "{[/consumer],methods=[GET]}" onto public java.lang.String com.didispace.DcController.dc()
2018-04-11 13:18:08.256  INFO 11483 --- [main] s.w.s.m.m.a.RequestMappingHandlerMapping : Mapped "{[/error]}" onto public org.springframework.http.ResponseEntity<java.util.Map<java.lang.String, java.lang.Object>> org.springframework.boot.autoconfigure.web.BasicErrorController.error(javax.servlet.http.HttpServletRequest)
2018-04-11 13:18:08.256  INFO 11483 --- [main] s.w.s.m.m.a.RequestMappingHandlerMapping : Mapped "{[/error],produces=[text/html]}" onto public org.springframework.web.servlet.ModelAndView org.springframework.boot.autoconfigure.web.BasicErrorController.errorHtml(javax.servlet.http.HttpServletRequest,javax.servlet.http.HttpServletResponse)
2018-04-11 13:18:08.289  INFO 11483 --- [main] o.s.w.s.handler.SimpleUrlHandlerMapping  : Mapped URL path [/webjars/**] onto handler of type [class org.springframework.web.servlet.resource.ResourceHttpRequestHandler]
2018-04-11 13:18:08.289  INFO 11483 --- [main] o.s.w.s.handler.SimpleUrlHandlerMapping  : Mapped URL path [/**] onto handler of type [class org.springframework.web.servlet.resource.ResourceHttpRequestHandler]
2018-04-11 13:18:08.326  INFO 11483 --- [main] o.s.w.s.handler.SimpleUrlHandlerMapping  : Mapped URL path [/**/favicon.ico] onto handler of type [class org.springframework.web.servlet.resource.ResourceHttpRequestHandler]
2018-04-11 13:18:08.777  INFO 11483 --- [main] o.s.b.a.e.mvc.EndpointHandlerMapping     : Mapped "{[/service-registry/instance-status],methods=[GET]}" onto public org.springframework.http.ResponseEntity org.springframework.cloud.client.serviceregistry.endpoint.ServiceRegistryEndpoint.getStatus()
2018-04-11 13:18:08.777  INFO 11483 --- [main] o.s.b.a.e.mvc.EndpointHandlerMapping     : Mapped "{[/service-registry/instance-status],methods=[POST]}" onto public org.springframework.http.ResponseEntity<?> org.springframework.cloud.client.serviceregistry.endpoint.ServiceRegistryEndpoint.setStatus(java.lang.String)
2018-04-11 13:18:08.778  INFO 11483 --- [main] o.s.b.a.e.mvc.EndpointHandlerMapping     : Mapped "{[/autoconfig || /autoconfig.json],methods=[GET],produces=[application/vnd.spring-boot.actuator.v1+json || application/json]}" onto public java.lang.Object org.springframework.boot.actuate.endpoint.mvc.EndpointMvcAdapter.invoke()
2018-04-11 13:18:08.779  INFO 11483 --- [main] o.s.b.a.e.mvc.EndpointHandlerMapping     : Mapped "{[/health || /health.json],methods=[GET],produces=[application/vnd.spring-boot.actuator.v1+json || application/json]}" onto public java.lang.Object org.springframework.boot.actuate.endpoint.mvc.HealthMvcEndpoint.invoke(javax.servlet.http.HttpServletRequest,java.security.Principal)
2018-04-11 13:18:08.779  INFO 11483 --- [main] o.s.b.a.e.mvc.EndpointHandlerMapping     : Mapped "{[/beans || /beans.json],methods=[GET],produces=[application/vnd.spring-boot.actuator.v1+json || application/json]}" onto public java.lang.Object org.springframework.boot.actuate.endpoint.mvc.EndpointMvcAdapter.invoke()
2018-04-11 13:18:08.780  INFO 11483 --- [main] o.s.b.a.e.mvc.EndpointHandlerMapping     : Mapped "{[/resume || /resume.json],methods=[POST]}" onto public java.lang.Object org.springframework.cloud.endpoint.GenericPostableMvcEndpoint.invoke()
2018-04-11 13:18:08.781  INFO 11483 --- [main] o.s.b.a.e.mvc.EndpointHandlerMapping     : Mapped "{[/env],methods=[POST]}" onto public java.lang.Object org.springframework.cloud.context.environment.EnvironmentManagerMvcEndpoint.value(java.util.Map<java.lang.String, java.lang.String>)
2018-04-11 13:18:08.781  INFO 11483 --- [main] o.s.b.a.e.mvc.EndpointHandlerMapping     : Mapped "{[/env/reset],methods=[POST]}" onto public java.util.Map<java.lang.String, java.lang.Object> org.springframework.cloud.context.environment.EnvironmentManagerMvcEndpoint.reset()
2018-04-11 13:18:08.781  INFO 11483 --- [main] o.s.b.a.e.mvc.EndpointHandlerMapping     : Mapped "{[/pause || /pause.json],methods=[POST]}" onto public java.lang.Object org.springframework.cloud.endpoint.GenericPostableMvcEndpoint.invoke()
2018-04-11 13:18:08.782  INFO 11483 --- [main] o.s.b.a.e.mvc.EndpointHandlerMapping     : Mapped "{[/configprops || /configprops.json],methods=[GET],produces=[application/vnd.spring-boot.actuator.v1+json || application/json]}" onto public java.lang.Object org.springframework.boot.actuate.endpoint.mvc.EndpointMvcAdapter.invoke()
2018-04-11 13:18:08.784  INFO 11483 --- [main] o.s.b.a.e.mvc.EndpointHandlerMapping     : Mapped "{[/env/{name:.*}],methods=[GET],produces=[application/vnd.spring-boot.actuator.v1+json || application/json]}" onto public java.lang.Object org.springframework.boot.actuate.endpoint.mvc.EnvironmentMvcEndpoint.value(java.lang.String)
2018-04-11 13:18:08.784  INFO 11483 --- [main] o.s.b.a.e.mvc.EndpointHandlerMapping     : Mapped "{[/env || /env.json],methods=[GET],produces=[application/vnd.spring-boot.actuator.v1+json || application/json]}" onto public java.lang.Object org.springframework.boot.actuate.endpoint.mvc.EndpointMvcAdapter.invoke()
2018-04-11 13:18:08.785  INFO 11483 --- [main] o.s.b.a.e.mvc.EndpointHandlerMapping     : Mapped "{[/trace || /trace.json],methods=[GET],produces=[application/vnd.spring-boot.actuator.v1+json || application/json]}" onto public java.lang.Object org.springframework.boot.actuate.endpoint.mvc.EndpointMvcAdapter.invoke()
2018-04-11 13:18:08.786  INFO 11483 --- [main] o.s.b.a.e.mvc.EndpointHandlerMapping     : Mapped "{[/restart || /restart.json],methods=[POST]}" onto public java.lang.Object org.springframework.cloud.context.restart.RestartMvcEndpoint.invoke()
2018-04-11 13:18:08.786  INFO 11483 --- [main] o.s.b.a.e.mvc.EndpointHandlerMapping     : Mapped "{[/dump || /dump.json],methods=[GET],produces=[application/vnd.spring-boot.actuator.v1+json || application/json]}" onto public java.lang.Object org.springframework.boot.actuate.endpoint.mvc.EndpointMvcAdapter.invoke()
2018-04-11 13:18:08.787  INFO 11483 --- [main] o.s.b.a.e.mvc.EndpointHandlerMapping     : Mapped "{[/info || /info.json],methods=[GET],produces=[application/vnd.spring-boot.actuator.v1+json || application/json]}" onto public java.lang.Object org.springframework.boot.actuate.endpoint.mvc.EndpointMvcAdapter.invoke()
2018-04-11 13:18:08.788  INFO 11483 --- [main] o.s.b.a.e.mvc.EndpointHandlerMapping     : Mapped "{[/auditevents || /auditevents.json],methods=[GET],produces=[application/vnd.spring-boot.actuator.v1+json || application/json]}" onto public org.springframework.http.ResponseEntity<?> org.springframework.boot.actuate.endpoint.mvc.AuditEventsMvcEndpoint.findByPrincipalAndAfterAndType(java.lang.String,java.util.Date,java.lang.String)
2018-04-11 13:18:08.788  INFO 11483 --- [main] o.s.b.a.e.mvc.EndpointHandlerMapping     : Mapped "{[/features || /features.json],methods=[GET],produces=[application/vnd.spring-boot.actuator.v1+json || application/json]}" onto public java.lang.Object org.springframework.boot.actuate.endpoint.mvc.EndpointMvcAdapter.invoke()
2018-04-11 13:18:08.789  INFO 11483 --- [main] o.s.b.a.e.mvc.EndpointHandlerMapping     : Mapped "{[/logfile || /logfile.json],methods=[GET || HEAD]}" onto public void org.springframework.boot.actuate.endpoint.mvc.LogFileMvcEndpoint.invoke(javax.servlet.http.HttpServletRequest,javax.servlet.http.HttpServletResponse) throws javax.servlet.ServletException,java.io.IOException
2018-04-11 13:18:08.790  INFO 11483 --- [main] o.s.b.a.e.mvc.EndpointHandlerMapping     : Mapped "{[/metrics/{name:.*}],methods=[GET],produces=[application/vnd.spring-boot.actuator.v1+json || application/json]}" onto public java.lang.Object org.springframework.boot.actuate.endpoint.mvc.MetricsMvcEndpoint.value(java.lang.String)
2018-04-11 13:18:08.790  INFO 11483 --- [main] o.s.b.a.e.mvc.EndpointHandlerMapping     : Mapped "{[/metrics || /metrics.json],methods=[GET],produces=[application/vnd.spring-boot.actuator.v1+json || application/json]}" onto public java.lang.Object org.springframework.boot.actuate.endpoint.mvc.EndpointMvcAdapter.invoke()
2018-04-11 13:18:08.791  INFO 11483 --- [main] o.s.b.a.e.mvc.EndpointHandlerMapping     : Mapped "{[/refresh || /refresh.json],methods=[POST]}" onto public java.lang.Object org.springframework.cloud.endpoint.GenericPostableMvcEndpoint.invoke()
2018-04-11 13:18:08.791  INFO 11483 --- [main] o.s.b.a.e.mvc.EndpointHandlerMapping     : Mapped "{[/mappings || /mappings.json],methods=[GET],produces=[application/vnd.spring-boot.actuator.v1+json || application/json]}" onto public java.lang.Object org.springframework.boot.actuate.endpoint.mvc.EndpointMvcAdapter.invoke()
2018-04-11 13:18:08.792  INFO 11483 --- [main] o.s.b.a.e.mvc.EndpointHandlerMapping     : Mapped "{[/heapdump || /heapdump.json],methods=[GET],produces=[application/octet-stream]}" onto public void org.springframework.boot.actuate.endpoint.mvc.HeapdumpMvcEndpoint.invoke(boolean,javax.servlet.http.HttpServletRequest,javax.servlet.http.HttpServletResponse) throws java.io.IOException,javax.servlet.ServletException
2018-04-11 13:18:08.794  INFO 11483 --- [main] o.s.b.a.e.mvc.EndpointHandlerMapping     : Mapped "{[/loggers/{name:.*}],methods=[GET],produces=[application/vnd.spring-boot.actuator.v1+json || application/json]}" onto public java.lang.Object org.springframework.boot.actuate.endpoint.mvc.LoggersMvcEndpoint.get(java.lang.String)
2018-04-11 13:18:08.794  INFO 11483 --- [main] o.s.b.a.e.mvc.EndpointHandlerMapping     : Mapped "{[/loggers/{name:.*}],methods=[POST],consumes=[application/vnd.spring-boot.actuator.v1+json || application/json],produces=[application/vnd.spring-boot.actuator.v1+json || application/json]}" onto public java.lang.Object org.springframework.boot.actuate.endpoint.mvc.LoggersMvcEndpoint.set(java.lang.String,java.util.Map<java.lang.String, java.lang.String>)
2018-04-11 13:18:08.794  INFO 11483 --- [main] o.s.b.a.e.mvc.EndpointHandlerMapping     : Mapped "{[/loggers || /loggers.json],methods=[GET],produces=[application/vnd.spring-boot.actuator.v1+json || application/json]}" onto public java.lang.Object org.springframework.boot.actuate.endpoint.mvc.EndpointMvcAdapter.invoke()
2018-04-11 13:18:08.794  INFO 11483 --- [main] o.s.b.a.e.mvc.EndpointHandlerMapping     : Mapped "{[/archaius || /archaius.json],methods=[GET],produces=[application/vnd.spring-boot.actuator.v1+json || application/json]}" onto public java.lang.Object org.springframework.boot.actuate.endpoint.mvc.EndpointMvcAdapter.invoke()
2018-04-11 13:18:08.917  WARN 11483 --- [main] c.n.c.sources.URLConfigurationSource     : No URLs will be polled as dynamic configuration sources.
2018-04-11 13:18:08.917  INFO 11483 --- [main] c.n.c.sources.URLConfigurationSource     : To enable URLs as dynamic configuration sources, define System property archaius.configurationSource.additionalUrls or make config.properties available on classpath.
2018-04-11 13:18:08.921  WARN 11483 --- [main] c.n.c.sources.URLConfigurationSource     : No URLs will be polled as dynamic configuration sources.
2018-04-11 13:18:08.922  INFO 11483 --- [main] c.n.c.sources.URLConfigurationSource     : To enable URLs as dynamic configuration sources, define System property archaius.configurationSource.additionalUrls or make config.properties available on classpath.
2018-04-11 13:18:09.015  INFO 11483 --- [main] o.s.j.e.a.AnnotationMBeanExporter        : Registering beans for JMX exposure on startup
2018-04-11 13:18:09.025  INFO 11483 --- [main] o.s.j.e.a.AnnotationMBeanExporter        : Bean with name 'environmentManager' has been autodetected for JMX exposure
2018-04-11 13:18:09.028  INFO 11483 --- [main] o.s.j.e.a.AnnotationMBeanExporter        : Bean with name 'configurationPropertiesRebinder' has been autodetected for JMX exposure
2018-04-11 13:18:09.028  INFO 11483 --- [main] o.s.j.e.a.AnnotationMBeanExporter        : Bean with name 'refreshEndpoint' has been autodetected for JMX exposure
2018-04-11 13:18:09.029  INFO 11483 --- [main] o.s.j.e.a.AnnotationMBeanExporter        : Bean with name 'restartEndpoint' has been autodetected for JMX exposure
2018-04-11 13:18:09.030  INFO 11483 --- [main] o.s.j.e.a.AnnotationMBeanExporter        : Bean with name 'serviceRegistryEndpoint' has been autodetected for JMX exposure
2018-04-11 13:18:09.031  INFO 11483 --- [main] o.s.j.e.a.AnnotationMBeanExporter        : Bean with name 'refreshScope' has been autodetected for JMX exposure
2018-04-11 13:18:09.034  INFO 11483 --- [main] o.s.j.e.a.AnnotationMBeanExporter        : Located managed bean 'environmentManager': registering with JMX server as MBean [org.springframework.cloud.context.environment:name=environmentManager,type=EnvironmentManager]
2018-04-11 13:18:09.047  INFO 11483 --- [main] o.s.j.e.a.AnnotationMBeanExporter        : Located managed bean 'restartEndpoint': registering with JMX server as MBean [org.springframework.cloud.context.restart:name=restartEndpoint,type=RestartEndpoint]
2018-04-11 13:18:09.059  INFO 11483 --- [main] o.s.j.e.a.AnnotationMBeanExporter        : Located managed bean 'serviceRegistryEndpoint': registering with JMX server as MBean [org.springframework.cloud.client.serviceregistry.endpoint:name=serviceRegistryEndpoint,type=ServiceRegistryEndpoint]
2018-04-11 13:18:09.086  INFO 11483 --- [main] o.s.j.e.a.AnnotationMBeanExporter        : Located managed bean 'refreshScope': registering with JMX server as MBean [org.springframework.cloud.context.scope.refresh:name=refreshScope,type=RefreshScope]
2018-04-11 13:18:09.095  INFO 11483 --- [main] o.s.j.e.a.AnnotationMBeanExporter        : Located managed bean 'configurationPropertiesRebinder': registering with JMX server as MBean [org.springframework.cloud.context.properties:name=configurationPropertiesRebinder,context=31c7528f,type=ConfigurationPropertiesRebinder]
2018-04-11 13:18:09.099  INFO 11483 --- [main] o.s.j.e.a.AnnotationMBeanExporter        : Located managed bean 'refreshEndpoint': registering with JMX server as MBean [org.springframework.cloud.endpoint:name=refreshEndpoint,type=RefreshEndpoint]
2018-04-11 13:18:09.263  INFO 11483 --- [main] o.s.c.support.DefaultLifecycleProcessor  : Starting beans in phase 0
2018-04-11 13:18:09.270  INFO 11483 --- [main] o.s.c.n.eureka.InstanceInfoFactory       : Setting initial instance status as: STARTING
2018-04-11 13:18:09.299  INFO 11483 --- [main] com.netflix.discovery.DiscoveryClient    : Initializing Eureka in region us-east-1
2018-04-11 13:18:09.475  INFO 11483 --- [main] c.n.d.provider.DiscoveryJerseyProvider   : Using JSON encoding codec LegacyJacksonJson
2018-04-11 13:18:09.475  INFO 11483 --- [main] c.n.d.provider.DiscoveryJerseyProvider   : Using JSON decoding codec LegacyJacksonJson
2018-04-11 13:18:09.644  INFO 11483 --- [main] c.n.d.provider.DiscoveryJerseyProvider   : Using XML encoding codec XStreamXml
2018-04-11 13:18:09.645  INFO 11483 --- [main] c.n.d.provider.DiscoveryJerseyProvider   : Using XML decoding codec XStreamXml
2018-04-11 13:18:09.794  INFO 11483 --- [main] c.n.d.s.r.aws.ConfigClusterResolver      : Resolving eureka endpoints via configuration
2018-04-11 13:18:09.807  INFO 11483 --- [main] com.netflix.discovery.DiscoveryClient    : Disable delta property : false
2018-04-11 13:18:09.807  INFO 11483 --- [main] com.netflix.discovery.DiscoveryClient    : Single vip registry refresh property : null
2018-04-11 13:18:09.807  INFO 11483 --- [main] com.netflix.discovery.DiscoveryClient    : Force full registry fetch : false
2018-04-11 13:18:09.807  INFO 11483 --- [main] com.netflix.discovery.DiscoveryClient    : Application is null : false
2018-04-11 13:18:09.807  INFO 11483 --- [main] com.netflix.discovery.DiscoveryClient    : Registered Applications size is zero : true
2018-04-11 13:18:09.807  INFO 11483 --- [main] com.netflix.discovery.DiscoveryClient    : Application version is -1: true
2018-04-11 13:18:09.808  INFO 11483 --- [main] com.netflix.discovery.DiscoveryClient    : Getting all instance registry info from the eureka server
2018-04-11 13:18:09.935  INFO 11483 --- [main] com.netflix.discovery.DiscoveryClient    : The response status is 200
2018-04-11 13:18:09.936  INFO 11483 --- [main] com.netflix.discovery.DiscoveryClient    : Starting heartbeat executor: renew interval is: 30
2018-04-11 13:18:09.937  INFO 11483 --- [main] c.n.discovery.InstanceInfoReplicator     : InstanceInfoReplicator onDemand update allowed rate per min is 4
2018-04-11 13:18:09.940  INFO 11483 --- [main] com.netflix.discovery.DiscoveryClient    : Discovery Client initialized at timestamp 1523423889940 with initial instances count: 2
2018-04-11 13:18:09.959  INFO 11483 --- [main] o.s.c.n.e.s.EurekaServiceRegistry        : Registering application eureka-consumer with eureka with status UP
2018-04-11 13:18:09.960  INFO 11483 --- [main] com.netflix.discovery.DiscoveryClient    : Saw local status change event StatusChangeEvent [timestamp=1523423889960, current=UP, previous=STARTING]
2018-04-11 13:18:09.961  INFO 11483 --- [DiscoveryClient-InstanceInfoReplicator-0] com.netflix.discovery.DiscoveryClient    : DiscoveryClient_EUREKA-CONSUMER/10.100.70.146:eureka-consumer:2102: registering service...
2018-04-11 13:18:09.993  INFO 11483 --- [DiscoveryClient-InstanceInfoReplicator-0] com.netflix.discovery.DiscoveryClient    : DiscoveryClient_EUREKA-CONSUMER/10.100.70.146:eureka-consumer:2102 - registration status: 204
2018-04-11 13:18:10.070  INFO 11483 --- [main] s.b.c.e.t.TomcatEmbeddedServletContainer : Tomcat started on port(s): 2102 (http)
2018-04-11 13:18:10.071  INFO 11483 --- [main] .s.c.n.e.s.EurekaAutoServiceRegistration : Updating port to 2102
2018-04-11 13:18:10.076  INFO 11483 --- [main] c.d.EurekaConsumerRibbonApplication      : Started EurekaConsumerRibbonApplication in 5.077 seconds (JVM running for 6.069)
2018-04-11 13:18:38.756  INFO 11450 --- [AsyncResolver-bootstrap-executor-0] c.n.d.s.r.aws.ConfigClusterResolver      : Resolving eureka endpoints via configuration
2018-04-11 13:19:48.094  INFO 11483 --- [http-nio-2102-exec-1] o.apache.tomcat.util.http.parser.Cookie  : A cookie header was received [1516605518; Hm_lvt_edfb46af1eb24cac4b18e0cfb3af01f0=1511420387; Idea-c5ee07ed=e55284e9-8bb1-4255-b662-4aae2213860c; Hm_lvt_016f5d60f3fb81c4ce4a180a4caec134=1522822076; UM_distinctid=1628f44d96c2b4-0f2ece24b0e4c9-495863-1fa400-1628f44d96efbb; CNZZDATA5796950=cnzz_eid%3D1521381690-1522820326-%26ntime%3D1392358528%26cnzz_a%3D0%26ltime%3D1522822076826] that contained an invalid cookie. That cookie will be ignored.Note: further occurrences of this error will be logged at DEBUG level.
2018-04-11 13:19:48.100  INFO 11483 --- [http-nio-2102-exec-1] o.a.c.c.C.[Tomcat].[localhost].[/]       : Initializing Spring FrameworkServlet 'dispatcherServlet'
2018-04-11 13:19:48.100  INFO 11483 --- [http-nio-2102-exec-1] o.s.web.servlet.DispatcherServlet        : FrameworkServlet 'dispatcherServlet': initialization started
2018-04-11 13:19:48.115  INFO 11483 --- [http-nio-2102-exec-1] o.s.web.servlet.DispatcherServlet        : FrameworkServlet 'dispatcherServlet': initialization completed in 15 ms
2018-04-11 13:19:48.153  INFO 11483 --- [http-nio-2102-exec-1] s.c.a.AnnotationConfigApplicationContext : Refreshing org.springframework.context.annotation.AnnotationConfigApplicationContext@75e83bb7: startup date [Wed Apr 11 13:19:48 CST 2018]; parent: org.springframework.boot.context.embedded.AnnotationConfigEmbeddedWebApplicationContext@31c7528f
2018-04-11 13:19:48.193  INFO 11483 --- [http-nio-2102-exec-1] f.a.AutowiredAnnotationBeanPostProcessor : JSR-330 'javax.inject.Inject' annotation found and supported for autowiring
2018-04-11 13:19:48.317  INFO 11483 --- [http-nio-2102-exec-1] c.netflix.config.ChainedDynamicProperty  : Flipping property: eureka-client.ribbon.ActiveConnectionsLimit to use NEXT property: niws.loadbalancer.availabilityFilteringRule.activeConnectionsLimit = 2147483647
2018-04-11 13:19:48.332  INFO 11483 --- [http-nio-2102-exec-1] c.n.u.concurrent.ShutdownEnabledTimer    : Shutdown hook installed for: NFLoadBalancer-PingTimer-eureka-client
2018-04-11 13:19:48.348  INFO 11483 --- [http-nio-2102-exec-1] c.netflix.loadbalancer.BaseLoadBalancer  : Client: eureka-client instantiated a LoadBalancer: DynamicServerListLoadBalancer:{NFLoadBalancer:name=eureka-client,current list of Servers=[],Load balancer stats=Zone stats: {},Server stats: []}ServerList:null
2018-04-11 13:19:48.353  INFO 11483 --- [http-nio-2102-exec-1] c.n.l.DynamicServerListLoadBalancer      : Using serverListUpdater PollingServerListUpdater
2018-04-11 13:19:48.370  INFO 11483 --- [http-nio-2102-exec-1] c.netflix.config.ChainedDynamicProperty  : Flipping property: eureka-client.ribbon.ActiveConnectionsLimit to use NEXT property: niws.loadbalancer.availabilityFilteringRule.activeConnectionsLimit = 2147483647
2018-04-11 13:19:48.371  INFO 11483 --- [http-nio-2102-exec-1] c.n.l.DynamicServerListLoadBalancer      : DynamicServerListLoadBalancer for client eureka-client initialized: DynamicServerListLoadBalancer:{NFLoadBalancer:name=eureka-client,current list of Servers=[10.100.70.146:8082],Load balancer stats=Zone stats: {defaultzone=[Zone:defaultzone;	Instance count:1;	Active connections count: 0;	Circuit breaker tripped count: 0;	Active connections per server: 0.0;]
},Server stats: [[Server:10.100.70.146:8082;	Zone:defaultZone;	Total Requests:0;	Successive connection failure:0;	Total blackout seconds:0;	Last connection made:Thu Jan 01 08:00:00 CST 1970;	First connection made: Thu Jan 01 08:00:00 CST 1970;	Active Connections:0;	total failure count in last (1000) msecs:0;	average resp time:0.0;	90 percentile resp time:0.0;	95 percentile resp time:0.0;	min resp time:0.0;	max resp time:0.0;	stddev resp time:0.0]
]}ServerList:org.springframework.cloud.netflix.ribbon.eureka.DomainExtractingServerList@4abca72f
2018-04-11 13:19:49.357  INFO 11483 --- [PollingServerListUpdater-0] c.netflix.config.ChainedDynamicProperty  : Flipping property: eureka-client.ribbon.ActiveConnectionsLimit to use NEXT property: niws.loadbalancer.availabilityFilteringRule.activeConnectionsLimit = 2147483647
2018-04-11 13:22:44.761  INFO 11450 --- [Thread-27] c.n.l.PollingServerListUpdater           : Shutting down the Executor Pool for PollingServerListUpdater
2018-04-11 13:22:44.761  INFO 11450 --- [Thread-16] ationConfigEmbeddedWebApplicationContext : Closing org.springframework.boot.context.embedded.AnnotationConfigEmbeddedWebApplicationContext@2b76ff4e: startup date [Wed Apr 11 13:13:35 CST 2018]; parent: org.springframework.context.annotation.AnnotationConfigApplicationContext@2f7298b
2018-04-11 13:22:44.762  INFO 11450 --- [Thread-16] o.s.c.n.e.s.EurekaServiceRegistry        : Unregistering application eureka-consumer with eureka with status DOWN
2018-04-11 13:22:44.762  WARN 11450 --- [Thread-16] com.netflix.discovery.DiscoveryClient    : Saw local status change event StatusChangeEvent [timestamp=1523424164762, current=DOWN, previous=UP]
2018-04-11 13:22:44.763  INFO 11450 --- [DiscoveryClient-InstanceInfoReplicator-0] com.netflix.discovery.DiscoveryClient    : DiscoveryClient_EUREKA-CONSUMER/10.100.70.146:eureka-consumer:2101: registering service...
2018-04-11 13:22:44.763  INFO 11450 --- [Thread-16] com.netflix.discovery.DiscoveryClient    : Shutting down DiscoveryClient ...
2018-04-11 13:22:44.763  INFO 11450 --- [Thread-16] com.netflix.discovery.DiscoveryClient    : Unregistering ...
2018-04-11 13:22:44.770  INFO 11450 --- [DiscoveryClient-InstanceInfoReplicator-0] com.netflix.discovery.DiscoveryClient    : DiscoveryClient_EUREKA-CONSUMER/10.100.70.146:eureka-consumer:2101 - registration status: 204
2018-04-11 13:22:44.771  INFO 11450 --- [Thread-16] com.netflix.discovery.DiscoveryClient    : DiscoveryClient_EUREKA-CONSUMER/10.100.70.146:eureka-consumer:2101 - deregister  status: 200
2018-04-11 13:22:44.773  INFO 11450 --- [Thread-16] com.netflix.discovery.DiscoveryClient    : Completed shut down of DiscoveryClient
2018-04-11 13:22:44.775  INFO 11450 --- [Thread-16] o.s.c.support.DefaultLifecycleProcessor  : Stopping beans in phase 0
2018-04-11 13:22:44.778  INFO 11450 --- [Thread-16] o.s.j.e.a.AnnotationMBeanExporter        : Unregistering JMX-exposed beans on shutdown
2018-04-11 13:22:44.779  INFO 11450 --- [Thread-16] o.s.j.e.a.AnnotationMBeanExporter        : Unregistering JMX-exposed beans
2018-04-11 13:22:44.781  INFO 11450 --- [Thread-16] s.c.a.AnnotationConfigApplicationContext : Closing org.springframework.context.annotation.AnnotationConfigApplicationContext@203a64e3: startup date [Wed Apr 11 13:13:52 CST 2018]; parent: org.springframework.boot.context.embedded.AnnotationConfigEmbeddedWebApplicationContext@2b76ff4e
2018-04-11 13:22:44.787  WARN 11450 --- [Thread-16] s.c.a.AnnotationConfigApplicationContext : Exception thrown from ApplicationListener handling ContextClosedEvent

org.springframework.beans.factory.BeanCreationNotAllowedException: Error creating bean with name 'eurekaAutoServiceRegistration': Singleton bean creation not allowed while singletons of this factory are in destruction (Do not request a bean from a BeanFactory in a destroy method implementation!)
	at org.springframework.beans.factory.support.DefaultSingletonBeanRegistry.getSingleton(DefaultSingletonBeanRegistry.java:216) [spring-beans-4.3.9.RELEASE.jar:4.3.9.RELEASE]
	at org.springframework.beans.factory.support.AbstractBeanFactory.doGetBean(AbstractBeanFactory.java:302) ~[spring-beans-4.3.9.RELEASE.jar:4.3.9.RELEASE]
	at org.springframework.beans.factory.support.AbstractBeanFactory.getBean(AbstractBeanFactory.java:197) ~[spring-beans-4.3.9.RELEASE.jar:4.3.9.RELEASE]
	at org.springframework.context.support.AbstractApplicationContext.getBean(AbstractApplicationContext.java:1078) [spring-context-4.3.9.RELEASE.jar:4.3.9.RELEASE]
	at org.springframework.context.event.ApplicationListenerMethodAdapter.getTargetBean(ApplicationListenerMethodAdapter.java:280) ~[spring-context-4.3.9.RELEASE.jar:4.3.9.RELEASE]
	at org.springframework.context.event.ApplicationListenerMethodAdapter.doInvoke(ApplicationListenerMethodAdapter.java:250) ~[spring-context-4.3.9.RELEASE.jar:4.3.9.RELEASE]
	at org.springframework.context.event.ApplicationListenerMethodAdapter.processEvent(ApplicationListenerMethodAdapter.java:174) ~[spring-context-4.3.9.RELEASE.jar:4.3.9.RELEASE]
	at org.springframework.context.event.ApplicationListenerMethodAdapter.onApplicationEvent(ApplicationListenerMethodAdapter.java:137) ~[spring-context-4.3.9.RELEASE.jar:4.3.9.RELEASE]
	at org.springframework.context.event.SimpleApplicationEventMulticaster.invokeListener(SimpleApplicationEventMulticaster.java:167) ~[spring-context-4.3.9.RELEASE.jar:4.3.9.RELEASE]
	at org.springframework.context.event.SimpleApplicationEventMulticaster.multicastEvent(SimpleApplicationEventMulticaster.java:139) ~[spring-context-4.3.9.RELEASE.jar:4.3.9.RELEASE]
	at org.springframework.context.support.AbstractApplicationContext.publishEvent(AbstractApplicationContext.java:393) [spring-context-4.3.9.RELEASE.jar:4.3.9.RELEASE]
	at org.springframework.context.support.AbstractApplicationContext.publishEvent(AbstractApplicationContext.java:399) [spring-context-4.3.9.RELEASE.jar:4.3.9.RELEASE]
	at org.springframework.context.support.AbstractApplicationContext.publishEvent(AbstractApplicationContext.java:347) [spring-context-4.3.9.RELEASE.jar:4.3.9.RELEASE]
	at org.springframework.context.support.AbstractApplicationContext.doClose(AbstractApplicationContext.java:991) [spring-context-4.3.9.RELEASE.jar:4.3.9.RELEASE]
	at org.springframework.context.support.AbstractApplicationContext.close(AbstractApplicationContext.java:958) [spring-context-4.3.9.RELEASE.jar:4.3.9.RELEASE]
	at org.springframework.cloud.context.named.NamedContextFactory.destroy(NamedContextFactory.java:76) [spring-cloud-context-1.2.2.RELEASE.jar:1.2.2.RELEASE]
	at org.springframework.beans.factory.support.DisposableBeanAdapter.destroy(DisposableBeanAdapter.java:272) [spring-beans-4.3.9.RELEASE.jar:4.3.9.RELEASE]
	at org.springframework.beans.factory.support.DefaultSingletonBeanRegistry.destroyBean(DefaultSingletonBeanRegistry.java:578) [spring-beans-4.3.9.RELEASE.jar:4.3.9.RELEASE]
	at org.springframework.beans.factory.support.DefaultSingletonBeanRegistry.destroySingleton(DefaultSingletonBeanRegistry.java:554) [spring-beans-4.3.9.RELEASE.jar:4.3.9.RELEASE]
	at org.springframework.beans.factory.support.DefaultListableBeanFactory.destroySingleton(DefaultListableBeanFactory.java:961) [spring-beans-4.3.9.RELEASE.jar:4.3.9.RELEASE]
	at org.springframework.beans.factory.support.DefaultSingletonBeanRegistry.destroySingletons(DefaultSingletonBeanRegistry.java:523) [spring-beans-4.3.9.RELEASE.jar:4.3.9.RELEASE]
	at org.springframework.beans.factory.support.DefaultListableBeanFactory.destroySingletons(DefaultListableBeanFactory.java:968) [spring-beans-4.3.9.RELEASE.jar:4.3.9.RELEASE]
	at org.springframework.context.support.AbstractApplicationContext.destroyBeans(AbstractApplicationContext.java:1030) [spring-context-4.3.9.RELEASE.jar:4.3.9.RELEASE]
	at org.springframework.context.support.AbstractApplicationContext.doClose(AbstractApplicationContext.java:1006) [spring-context-4.3.9.RELEASE.jar:4.3.9.RELEASE]
	at org.springframework.context.support.AbstractApplicationContext$2.run(AbstractApplicationContext.java:929) [spring-context-4.3.9.RELEASE.jar:4.3.9.RELEASE]

2018-04-11 13:22:44.787  INFO 11450 --- [Thread-16] c.n.u.concurrent.ShutdownEnabledTimer    : Shutdown hook removed for: NFLoadBalancer-PingTimer-eureka-client
2018-04-11 13:22:44.788  INFO 11450 --- [Thread-16] c.n.u.concurrent.ShutdownEnabledTimer    : Exception caught (might be ok if at shutdown)

java.lang.IllegalStateException: Shutdown in progress
	at java.lang.ApplicationShutdownHooks.remove(ApplicationShutdownHooks.java:82) ~[na:1.8.0_131]
	at java.lang.Runtime.removeShutdownHook(Runtime.java:239) ~[na:1.8.0_131]
	at com.netflix.util.concurrent.ShutdownEnabledTimer.cancel(ShutdownEnabledTimer.java:70) ~[netflix-commons-util-0.1.1.jar:na]
	at com.netflix.loadbalancer.BaseLoadBalancer.cancelPingTask(BaseLoadBalancer.java:613) [ribbon-loadbalancer-2.2.2.jar:2.2.2]
	at com.netflix.loadbalancer.BaseLoadBalancer.shutdown(BaseLoadBalancer.java:864) [ribbon-loadbalancer-2.2.2.jar:2.2.2]
	at com.netflix.loadbalancer.DynamicServerListLoadBalancer.shutdown(DynamicServerListLoadBalancer.java:277) [ribbon-loadbalancer-2.2.2.jar:2.2.2]
	at sun.reflect.NativeMethodAccessorImpl.invoke0(Native Method) ~[na:1.8.0_131]
	at sun.reflect.NativeMethodAccessorImpl.invoke(NativeMethodAccessorImpl.java:62) ~[na:1.8.0_131]
	at sun.reflect.DelegatingMethodAccessorImpl.invoke(DelegatingMethodAccessorImpl.java:43) ~[na:1.8.0_131]
	at java.lang.reflect.Method.invoke(Method.java:498) ~[na:1.8.0_131]
	at org.springframework.beans.factory.support.DisposableBeanAdapter.invokeCustomDestroyMethod(DisposableBeanAdapter.java:364) [spring-beans-4.3.9.RELEASE.jar:4.3.9.RELEASE]
	at org.springframework.beans.factory.support.DisposableBeanAdapter.destroy(DisposableBeanAdapter.java:287) [spring-beans-4.3.9.RELEASE.jar:4.3.9.RELEASE]
	at org.springframework.beans.factory.support.DefaultSingletonBeanRegistry.destroyBean(DefaultSingletonBeanRegistry.java:578) [spring-beans-4.3.9.RELEASE.jar:4.3.9.RELEASE]
	at org.springframework.beans.factory.support.DefaultSingletonBeanRegistry.destroySingleton(DefaultSingletonBeanRegistry.java:554) [spring-beans-4.3.9.RELEASE.jar:4.3.9.RELEASE]
	at org.springframework.beans.factory.support.DefaultListableBeanFactory.destroySingleton(DefaultListableBeanFactory.java:961) [spring-beans-4.3.9.RELEASE.jar:4.3.9.RELEASE]
	at org.springframework.beans.factory.support.DefaultSingletonBeanRegistry.destroySingletons(DefaultSingletonBeanRegistry.java:523) [spring-beans-4.3.9.RELEASE.jar:4.3.9.RELEASE]
	at org.springframework.beans.factory.support.DefaultListableBeanFactory.destroySingletons(DefaultListableBeanFactory.java:968) [spring-beans-4.3.9.RELEASE.jar:4.3.9.RELEASE]
	at org.springframework.context.support.AbstractApplicationContext.destroyBeans(AbstractApplicationContext.java:1030) [spring-context-4.3.9.RELEASE.jar:4.3.9.RELEASE]
	at org.springframework.context.support.AbstractApplicationContext.doClose(AbstractApplicationContext.java:1006) [spring-context-4.3.9.RELEASE.jar:4.3.9.RELEASE]
	at org.springframework.context.support.AbstractApplicationContext.close(AbstractApplicationContext.java:958) [spring-context-4.3.9.RELEASE.jar:4.3.9.RELEASE]
	at org.springframework.cloud.context.named.NamedContextFactory.destroy(NamedContextFactory.java:76) [spring-cloud-context-1.2.2.RELEASE.jar:1.2.2.RELEASE]
	at org.springframework.beans.factory.support.DisposableBeanAdapter.destroy(DisposableBeanAdapter.java:272) [spring-beans-4.3.9.RELEASE.jar:4.3.9.RELEASE]
	at org.springframework.beans.factory.support.DefaultSingletonBeanRegistry.destroyBean(DefaultSingletonBeanRegistry.java:578) [spring-beans-4.3.9.RELEASE.jar:4.3.9.RELEASE]
	at org.springframework.beans.factory.support.DefaultSingletonBeanRegistry.destroySingleton(DefaultSingletonBeanRegistry.java:554) [spring-beans-4.3.9.RELEASE.jar:4.3.9.RELEASE]
	at org.springframework.beans.factory.support.DefaultListableBeanFactory.destroySingleton(DefaultListableBeanFactory.java:961) [spring-beans-4.3.9.RELEASE.jar:4.3.9.RELEASE]
	at org.springframework.beans.factory.support.DefaultSingletonBeanRegistry.destroySingletons(DefaultSingletonBeanRegistry.java:523) [spring-beans-4.3.9.RELEASE.jar:4.3.9.RELEASE]
	at org.springframework.beans.factory.support.DefaultListableBeanFactory.destroySingletons(DefaultListableBeanFactory.java:968) [spring-beans-4.3.9.RELEASE.jar:4.3.9.RELEASE]
	at org.springframework.context.support.AbstractApplicationContext.destroyBeans(AbstractApplicationContext.java:1030) [spring-context-4.3.9.RELEASE.jar:4.3.9.RELEASE]
	at org.springframework.context.support.AbstractApplicationContext.doClose(AbstractApplicationContext.java:1006) [spring-context-4.3.9.RELEASE.jar:4.3.9.RELEASE]
	at org.springframework.context.support.AbstractApplicationContext$2.run(AbstractApplicationContext.java:929) [spring-context-4.3.9.RELEASE.jar:4.3.9.RELEASE]

2018-04-11 13:22:47.080  INFO 11483 --- [Thread-16] ationConfigEmbeddedWebApplicationContext : Closing org.springframework.boot.context.embedded.AnnotationConfigEmbeddedWebApplicationContext@31c7528f: startup date [Wed Apr 11 13:18:06 CST 2018]; parent: org.springframework.context.annotation.AnnotationConfigApplicationContext@16ec5519
2018-04-11 13:22:47.081  INFO 11483 --- [Thread-16] o.s.c.n.e.s.EurekaServiceRegistry        : Unregistering application eureka-consumer with eureka with status DOWN
2018-04-11 13:22:47.081  WARN 11483 --- [Thread-16] com.netflix.discovery.DiscoveryClient    : Saw local status change event StatusChangeEvent [timestamp=1523424167081, current=DOWN, previous=UP]
2018-04-11 13:22:47.081  INFO 11483 --- [Thread-16] com.netflix.discovery.DiscoveryClient    : Shutting down DiscoveryClient ...
2018-04-11 13:22:47.082  INFO 11483 --- [Thread-27] c.n.l.PollingServerListUpdater           : Shutting down the Executor Pool for PollingServerListUpdater
2018-04-11 13:22:47.082  INFO 11483 --- [Thread-16] com.netflix.discovery.DiscoveryClient    : Unregistering ...
2018-04-11 13:22:47.088  INFO 11483 --- [Thread-16] com.netflix.discovery.DiscoveryClient    : DiscoveryClient_EUREKA-CONSUMER/10.100.70.146:eureka-consumer:2102 - deregister  status: 200
2018-04-11 13:22:47.091  INFO 11483 --- [Thread-16] com.netflix.discovery.DiscoveryClient    : Completed shut down of DiscoveryClient
2018-04-11 13:22:47.092  INFO 11483 --- [Thread-16] o.s.c.support.DefaultLifecycleProcessor  : Stopping beans in phase 0
2018-04-11 13:22:47.095  INFO 11483 --- [Thread-16] s.c.a.AnnotationConfigApplicationContext : Closing org.springframework.context.annotation.AnnotationConfigApplicationContext@75e83bb7: startup date [Wed Apr 11 13:19:48 CST 2018]; parent: org.springframework.boot.context.embedded.AnnotationConfigEmbeddedWebApplicationContext@31c7528f
2018-04-11 13:22:47.096  INFO 11483 --- [Thread-16] o.s.c.n.e.s.EurekaServiceRegistry        : Unregistering application eureka-consumer with eureka with status DOWN
2018-04-11 13:22:47.097  INFO 11483 --- [Thread-16] c.n.u.concurrent.ShutdownEnabledTimer    : Shutdown hook removed for: NFLoadBalancer-PingTimer-eureka-client
2018-04-11 13:22:47.101  INFO 11483 --- [Thread-16] c.n.u.concurrent.ShutdownEnabledTimer    : Exception caught (might be ok if at shutdown)

java.lang.IllegalStateException: Shutdown in progress
	at java.lang.ApplicationShutdownHooks.remove(ApplicationShutdownHooks.java:82) ~[na:1.8.0_131]
	at java.lang.Runtime.removeShutdownHook(Runtime.java:239) ~[na:1.8.0_131]
	at com.netflix.util.concurrent.ShutdownEnabledTimer.cancel(ShutdownEnabledTimer.java:70) ~[netflix-commons-util-0.1.1.jar:na]
	at com.netflix.loadbalancer.BaseLoadBalancer.cancelPingTask(BaseLoadBalancer.java:613) [ribbon-loadbalancer-2.2.2.jar:2.2.2]
	at com.netflix.loadbalancer.BaseLoadBalancer.shutdown(BaseLoadBalancer.java:864) [ribbon-loadbalancer-2.2.2.jar:2.2.2]
	at com.netflix.loadbalancer.DynamicServerListLoadBalancer.shutdown(DynamicServerListLoadBalancer.java:277) [ribbon-loadbalancer-2.2.2.jar:2.2.2]
	at sun.reflect.NativeMethodAccessorImpl.invoke0(Native Method) ~[na:1.8.0_131]
	at sun.reflect.NativeMethodAccessorImpl.invoke(NativeMethodAccessorImpl.java:62) ~[na:1.8.0_131]
	at sun.reflect.DelegatingMethodAccessorImpl.invoke(DelegatingMethodAccessorImpl.java:43) ~[na:1.8.0_131]
	at java.lang.reflect.Method.invoke(Method.java:498) ~[na:1.8.0_131]
	at org.springframework.beans.factory.support.DisposableBeanAdapter.invokeCustomDestroyMethod(DisposableBeanAdapter.java:364) [spring-beans-4.3.9.RELEASE.jar:4.3.9.RELEASE]
	at org.springframework.beans.factory.support.DisposableBeanAdapter.destroy(DisposableBeanAdapter.java:287) [spring-beans-4.3.9.RELEASE.jar:4.3.9.RELEASE]
	at org.springframework.beans.factory.support.DefaultSingletonBeanRegistry.destroyBean(DefaultSingletonBeanRegistry.java:578) [spring-beans-4.3.9.RELEASE.jar:4.3.9.RELEASE]
	at org.springframework.beans.factory.support.DefaultSingletonBeanRegistry.destroySingleton(DefaultSingletonBeanRegistry.java:554) [spring-beans-4.3.9.RELEASE.jar:4.3.9.RELEASE]
	at org.springframework.beans.factory.support.DefaultListableBeanFactory.destroySingleton(DefaultListableBeanFactory.java:961) [spring-beans-4.3.9.RELEASE.jar:4.3.9.RELEASE]
	at org.springframework.beans.factory.support.DefaultSingletonBeanRegistry.destroySingletons(DefaultSingletonBeanRegistry.java:523) [spring-beans-4.3.9.RELEASE.jar:4.3.9.RELEASE]
	at org.springframework.beans.factory.support.DefaultListableBeanFactory.destroySingletons(DefaultListableBeanFactory.java:968) [spring-beans-4.3.9.RELEASE.jar:4.3.9.RELEASE]
	at org.springframework.context.support.AbstractApplicationContext.destroyBeans(AbstractApplicationContext.java:1030) [spring-context-4.3.9.RELEASE.jar:4.3.9.RELEASE]
	at org.springframework.context.support.AbstractApplicationContext.doClose(AbstractApplicationContext.java:1006) [spring-context-4.3.9.RELEASE.jar:4.3.9.RELEASE]
	at org.springframework.context.support.AbstractApplicationContext.close(AbstractApplicationContext.java:958) [spring-context-4.3.9.RELEASE.jar:4.3.9.RELEASE]
	at org.springframework.cloud.context.named.NamedContextFactory.destroy(NamedContextFactory.java:76) [spring-cloud-context-1.2.2.RELEASE.jar:1.2.2.RELEASE]
	at org.springframework.beans.factory.support.DisposableBeanAdapter.destroy(DisposableBeanAdapter.java:272) [spring-beans-4.3.9.RELEASE.jar:4.3.9.RELEASE]
	at org.springframework.beans.factory.support.DefaultSingletonBeanRegistry.destroyBean(DefaultSingletonBeanRegistry.java:578) [spring-beans-4.3.9.RELEASE.jar:4.3.9.RELEASE]
	at org.springframework.beans.factory.support.DefaultSingletonBeanRegistry.destroySingleton(DefaultSingletonBeanRegistry.java:554) [spring-beans-4.3.9.RELEASE.jar:4.3.9.RELEASE]
	at org.springframework.beans.factory.support.DefaultListableBeanFactory.destroySingleton(DefaultListableBeanFactory.java:961) [spring-beans-4.3.9.RELEASE.jar:4.3.9.RELEASE]
	at org.springframework.beans.factory.support.DefaultSingletonBeanRegistry.destroySingletons(DefaultSingletonBeanRegistry.java:523) [spring-beans-4.3.9.RELEASE.jar:4.3.9.RELEASE]
	at org.springframework.beans.factory.support.DefaultListableBeanFactory.destroySingletons(DefaultListableBeanFactory.java:968) [spring-beans-4.3.9.RELEASE.jar:4.3.9.RELEASE]
	at org.springframework.context.support.AbstractApplicationContext.destroyBeans(AbstractApplicationContext.java:1030) [spring-context-4.3.9.RELEASE.jar:4.3.9.RELEASE]
	at org.springframework.context.support.AbstractApplicationContext.doClose(AbstractApplicationContext.java:1006) [spring-context-4.3.9.RELEASE.jar:4.3.9.RELEASE]
	at org.springframework.context.support.AbstractApplicationContext$2.run(AbstractApplicationContext.java:929) [spring-context-4.3.9.RELEASE.jar:4.3.9.RELEASE]

2018-04-11 13:22:47.104  INFO 11483 --- [Thread-16] o.s.j.e.a.AnnotationMBeanExporter        : Unregistering JMX-exposed beans on shutdown
2018-04-11 13:22:47.104  INFO 11483 --- [Thread-16] o.s.j.e.a.AnnotationMBeanExporter        : Unregistering JMX-exposed beans
2018-04-11 13:23:27.106  INFO 11521 --- [main] com.didispace.EurekaConsumerFeign        : No active profile set, falling back to default profiles: default
2018-04-11 13:23:27.292  INFO 11521 --- [main] ationConfigEmbeddedWebApplicationContext : Refreshing org.springframework.boot.context.embedded.AnnotationConfigEmbeddedWebApplicationContext@7a1234bf: startup date [Wed Apr 11 13:23:27 CST 2018]; parent: org.springframework.context.annotation.AnnotationConfigApplicationContext@188715b5
2018-04-11 13:23:28.197  INFO 11521 --- [main] o.s.cloud.context.scope.GenericScope     : BeanFactory id=75a2fe48-bd29-3de7-a45c-5545fdf54807
2018-04-11 13:23:28.214  INFO 11521 --- [main] f.a.AutowiredAnnotationBeanPostProcessor : JSR-330 'javax.inject.Inject' annotation found and supported for autowiring
2018-04-11 13:23:28.239  INFO 11521 --- [main] trationDelegate$BeanPostProcessorChecker : Bean 'com.didispace.DcClient' of type [org.springframework.cloud.netflix.feign.FeignClientFactoryBean] is not eligible for getting processed by all BeanPostProcessors (for example: not eligible for auto-proxying)
2018-04-11 13:23:28.288  INFO 11521 --- [main] trationDelegate$BeanPostProcessorChecker : Bean 'org.springframework.cloud.netflix.metrics.MetricsInterceptorConfiguration$MetricsRestTemplateConfiguration' of type [org.springframework.cloud.netflix.metrics.MetricsInterceptorConfiguration$MetricsRestTemplateConfiguration$$EnhancerBySpringCGLIB$$cbde6963] is not eligible for getting processed by all BeanPostProcessors (for example: not eligible for auto-proxying)
2018-04-11 13:23:28.299  INFO 11521 --- [main] trationDelegate$BeanPostProcessorChecker : Bean 'org.springframework.cloud.autoconfigure.ConfigurationPropertiesRebinderAutoConfiguration' of type [org.springframework.cloud.autoconfigure.ConfigurationPropertiesRebinderAutoConfiguration$$EnhancerBySpringCGLIB$$b5cbc61f] is not eligible for getting processed by all BeanPostProcessors (for example: not eligible for auto-proxying)
2018-04-11 13:23:28.556  INFO 11521 --- [main] s.b.c.e.t.TomcatEmbeddedServletContainer : Tomcat initialized with port(s): 2101 (http)
2018-04-11 13:23:28.564  INFO 11521 --- [main] o.apache.catalina.core.StandardService   : Starting service [Tomcat]
2018-04-11 13:23:28.565  INFO 11521 --- [main] org.apache.catalina.core.StandardEngine  : Starting Servlet Engine: Apache Tomcat/8.5.15
2018-04-11 13:23:28.661  INFO 11521 --- [localhost-startStop-1] o.a.c.c.C.[Tomcat].[localhost].[/]       : Initializing Spring embedded WebApplicationContext
2018-04-11 13:23:28.661  INFO 11521 --- [localhost-startStop-1] o.s.web.context.ContextLoader            : Root WebApplicationContext: initialization completed in 1369 ms
2018-04-11 13:23:28.876  INFO 11521 --- [localhost-startStop-1] o.s.b.w.servlet.ServletRegistrationBean  : Mapping servlet: 'dispatcherServlet' to [/]
2018-04-11 13:23:28.880  INFO 11521 --- [localhost-startStop-1] o.s.b.w.servlet.FilterRegistrationBean   : Mapping filter: 'metricsFilter' to: [/*]
2018-04-11 13:23:28.880  INFO 11521 --- [localhost-startStop-1] o.s.b.w.servlet.FilterRegistrationBean   : Mapping filter: 'characterEncodingFilter' to: [/*]
2018-04-11 13:23:28.880  INFO 11521 --- [localhost-startStop-1] o.s.b.w.servlet.FilterRegistrationBean   : Mapping filter: 'hiddenHttpMethodFilter' to: [/*]
2018-04-11 13:23:28.881  INFO 11521 --- [localhost-startStop-1] o.s.b.w.servlet.FilterRegistrationBean   : Mapping filter: 'httpPutFormContentFilter' to: [/*]
2018-04-11 13:23:28.881  INFO 11521 --- [localhost-startStop-1] o.s.b.w.servlet.FilterRegistrationBean   : Mapping filter: 'requestContextFilter' to: [/*]
2018-04-11 13:23:28.881  INFO 11521 --- [localhost-startStop-1] o.s.b.w.servlet.FilterRegistrationBean   : Mapping filter: 'webRequestLoggingFilter' to: [/*]
2018-04-11 13:23:28.881  INFO 11521 --- [localhost-startStop-1] o.s.b.w.servlet.FilterRegistrationBean   : Mapping filter: 'applicationContextIdFilter' to: [/*]
2018-04-11 13:23:28.922  INFO 11521 --- [main] s.c.a.AnnotationConfigApplicationContext : Refreshing org.springframework.context.annotation.AnnotationConfigApplicationContext@149f5761: startup date [Wed Apr 11 13:23:28 CST 2018]; parent: org.springframework.boot.context.embedded.AnnotationConfigEmbeddedWebApplicationContext@7a1234bf
2018-04-11 13:23:28.969  INFO 11521 --- [main] f.a.AutowiredAnnotationBeanPostProcessor : JSR-330 'javax.inject.Inject' annotation found and supported for autowiring
2018-04-11 13:23:29.501  INFO 11521 --- [main] s.w.s.m.m.a.RequestMappingHandlerAdapter : Looking for @ControllerAdvice: org.springframework.boot.context.embedded.AnnotationConfigEmbeddedWebApplicationContext@7a1234bf: startup date [Wed Apr 11 13:23:27 CST 2018]; parent: org.springframework.context.annotation.AnnotationConfigApplicationContext@188715b5
2018-04-11 13:23:29.574  INFO 11521 --- [main] s.w.s.m.m.a.RequestMappingHandlerMapping : Mapped "{[/consumer],methods=[GET]}" onto public java.lang.String com.didispace.DcController.dc()
2018-04-11 13:23:29.577  INFO 11521 --- [main] s.w.s.m.m.a.RequestMappingHandlerMapping : Mapped "{[/error]}" onto public org.springframework.http.ResponseEntity<java.util.Map<java.lang.String, java.lang.Object>> org.springframework.boot.autoconfigure.web.BasicErrorController.error(javax.servlet.http.HttpServletRequest)
2018-04-11 13:23:29.578  INFO 11521 --- [main] s.w.s.m.m.a.RequestMappingHandlerMapping : Mapped "{[/error],produces=[text/html]}" onto public org.springframework.web.servlet.ModelAndView org.springframework.boot.autoconfigure.web.BasicErrorController.errorHtml(javax.servlet.http.HttpServletRequest,javax.servlet.http.HttpServletResponse)
2018-04-11 13:23:29.610  INFO 11521 --- [main] o.s.w.s.handler.SimpleUrlHandlerMapping  : Mapped URL path [/webjars/**] onto handler of type [class org.springframework.web.servlet.resource.ResourceHttpRequestHandler]
2018-04-11 13:23:29.610  INFO 11521 --- [main] o.s.w.s.handler.SimpleUrlHandlerMapping  : Mapped URL path [/**] onto handler of type [class org.springframework.web.servlet.resource.ResourceHttpRequestHandler]
2018-04-11 13:23:29.647  INFO 11521 --- [main] o.s.w.s.handler.SimpleUrlHandlerMapping  : Mapped URL path [/**/favicon.ico] onto handler of type [class org.springframework.web.servlet.resource.ResourceHttpRequestHandler]
2018-04-11 13:23:30.140  INFO 11521 --- [main] o.s.b.a.e.mvc.EndpointHandlerMapping     : Mapped "{[/pause || /pause.json],methods=[POST]}" onto public java.lang.Object org.springframework.cloud.endpoint.GenericPostableMvcEndpoint.invoke()
2018-04-11 13:23:30.141  INFO 11521 --- [main] o.s.b.a.e.mvc.EndpointHandlerMapping     : Mapped "{[/restart || /restart.json],methods=[POST]}" onto public java.lang.Object org.springframework.cloud.context.restart.RestartMvcEndpoint.invoke()
2018-04-11 13:23:30.143  INFO 11521 --- [main] o.s.b.a.e.mvc.EndpointHandlerMapping     : Mapped "{[/configprops || /configprops.json],methods=[GET],produces=[application/vnd.spring-boot.actuator.v1+json || application/json]}" onto public java.lang.Object org.springframework.boot.actuate.endpoint.mvc.EndpointMvcAdapter.invoke()
2018-04-11 13:23:30.144  INFO 11521 --- [main] o.s.b.a.e.mvc.EndpointHandlerMapping     : Mapped "{[/metrics/{name:.*}],methods=[GET],produces=[application/vnd.spring-boot.actuator.v1+json || application/json]}" onto public java.lang.Object org.springframework.boot.actuate.endpoint.mvc.MetricsMvcEndpoint.value(java.lang.String)
2018-04-11 13:23:30.144  INFO 11521 --- [main] o.s.b.a.e.mvc.EndpointHandlerMapping     : Mapped "{[/metrics || /metrics.json],methods=[GET],produces=[application/vnd.spring-boot.actuator.v1+json || application/json]}" onto public java.lang.Object org.springframework.boot.actuate.endpoint.mvc.EndpointMvcAdapter.invoke()
2018-04-11 13:23:30.145  INFO 11521 --- [main] o.s.b.a.e.mvc.EndpointHandlerMapping     : Mapped "{[/features || /features.json],methods=[GET],produces=[application/vnd.spring-boot.actuator.v1+json || application/json]}" onto public java.lang.Object org.springframework.boot.actuate.endpoint.mvc.EndpointMvcAdapter.invoke()
2018-04-11 13:23:30.145  INFO 11521 --- [main] o.s.b.a.e.mvc.EndpointHandlerMapping     : Mapped "{[/trace || /trace.json],methods=[GET],produces=[application/vnd.spring-boot.actuator.v1+json || application/json]}" onto public java.lang.Object org.springframework.boot.actuate.endpoint.mvc.EndpointMvcAdapter.invoke()
2018-04-11 13:23:30.146  INFO 11521 --- [main] o.s.b.a.e.mvc.EndpointHandlerMapping     : Mapped "{[/logfile || /logfile.json],methods=[GET || HEAD]}" onto public void org.springframework.boot.actuate.endpoint.mvc.LogFileMvcEndpoint.invoke(javax.servlet.http.HttpServletRequest,javax.servlet.http.HttpServletResponse) throws javax.servlet.ServletException,java.io.IOException
2018-04-11 13:23:30.147  INFO 11521 --- [main] o.s.b.a.e.mvc.EndpointHandlerMapping     : Mapped "{[/heapdump || /heapdump.json],methods=[GET],produces=[application/octet-stream]}" onto public void org.springframework.boot.actuate.endpoint.mvc.HeapdumpMvcEndpoint.invoke(boolean,javax.servlet.http.HttpServletRequest,javax.servlet.http.HttpServletResponse) throws java.io.IOException,javax.servlet.ServletException
2018-04-11 13:23:30.148  INFO 11521 --- [main] o.s.b.a.e.mvc.EndpointHandlerMapping     : Mapped "{[/env],methods=[POST]}" onto public java.lang.Object org.springframework.cloud.context.environment.EnvironmentManagerMvcEndpoint.value(java.util.Map<java.lang.String, java.lang.String>)
2018-04-11 13:23:30.149  INFO 11521 --- [main] o.s.b.a.e.mvc.EndpointHandlerMapping     : Mapped "{[/env/reset],methods=[POST]}" onto public java.util.Map<java.lang.String, java.lang.Object> org.springframework.cloud.context.environment.EnvironmentManagerMvcEndpoint.reset()
2018-04-11 13:23:30.149  INFO 11521 --- [main] o.s.b.a.e.mvc.EndpointHandlerMapping     : Mapped "{[/archaius || /archaius.json],methods=[GET],produces=[application/vnd.spring-boot.actuator.v1+json || application/json]}" onto public java.lang.Object org.springframework.boot.actuate.endpoint.mvc.EndpointMvcAdapter.invoke()
2018-04-11 13:23:30.151  INFO 11521 --- [main] o.s.b.a.e.mvc.EndpointHandlerMapping     : Mapped "{[/loggers/{name:.*}],methods=[GET],produces=[application/vnd.spring-boot.actuator.v1+json || application/json]}" onto public java.lang.Object org.springframework.boot.actuate.endpoint.mvc.LoggersMvcEndpoint.get(java.lang.String)
2018-04-11 13:23:30.151  INFO 11521 --- [main] o.s.b.a.e.mvc.EndpointHandlerMapping     : Mapped "{[/loggers/{name:.*}],methods=[POST],consumes=[application/vnd.spring-boot.actuator.v1+json || application/json],produces=[application/vnd.spring-boot.actuator.v1+json || application/json]}" onto public java.lang.Object org.springframework.boot.actuate.endpoint.mvc.LoggersMvcEndpoint.set(java.lang.String,java.util.Map<java.lang.String, java.lang.String>)
2018-04-11 13:23:30.152  INFO 11521 --- [main] o.s.b.a.e.mvc.EndpointHandlerMapping     : Mapped "{[/loggers || /loggers.json],methods=[GET],produces=[application/vnd.spring-boot.actuator.v1+json || application/json]}" onto public java.lang.Object org.springframework.boot.actuate.endpoint.mvc.EndpointMvcAdapter.invoke()
2018-04-11 13:23:30.152  INFO 11521 --- [main] o.s.b.a.e.mvc.EndpointHandlerMapping     : Mapped "{[/service-registry/instance-status],methods=[GET]}" onto public org.springframework.http.ResponseEntity org.springframework.cloud.client.serviceregistry.endpoint.ServiceRegistryEndpoint.getStatus()
2018-04-11 13:23:30.152  INFO 11521 --- [main] o.s.b.a.e.mvc.EndpointHandlerMapping     : Mapped "{[/service-registry/instance-status],methods=[POST]}" onto public org.springframework.http.ResponseEntity<?> org.springframework.cloud.client.serviceregistry.endpoint.ServiceRegistryEndpoint.setStatus(java.lang.String)
2018-04-11 13:23:30.153  INFO 11521 --- [main] o.s.b.a.e.mvc.EndpointHandlerMapping     : Mapped "{[/info || /info.json],methods=[GET],produces=[application/vnd.spring-boot.actuator.v1+json || application/json]}" onto public java.lang.Object org.springframework.boot.actuate.endpoint.mvc.EndpointMvcAdapter.invoke()
2018-04-11 13:23:30.153  INFO 11521 --- [main] o.s.b.a.e.mvc.EndpointHandlerMapping     : Mapped "{[/health || /health.json],methods=[GET],produces=[application/vnd.spring-boot.actuator.v1+json || application/json]}" onto public java.lang.Object org.springframework.boot.actuate.endpoint.mvc.HealthMvcEndpoint.invoke(javax.servlet.http.HttpServletRequest,java.security.Principal)
2018-04-11 13:23:30.154  INFO 11521 --- [main] o.s.b.a.e.mvc.EndpointHandlerMapping     : Mapped "{[/beans || /beans.json],methods=[GET],produces=[application/vnd.spring-boot.actuator.v1+json || application/json]}" onto public java.lang.Object org.springframework.boot.actuate.endpoint.mvc.EndpointMvcAdapter.invoke()
2018-04-11 13:23:30.155  INFO 11521 --- [main] o.s.b.a.e.mvc.EndpointHandlerMapping     : Mapped "{[/autoconfig || /autoconfig.json],methods=[GET],produces=[application/vnd.spring-boot.actuator.v1+json || application/json]}" onto public java.lang.Object org.springframework.boot.actuate.endpoint.mvc.EndpointMvcAdapter.invoke()
2018-04-11 13:23:30.156  INFO 11521 --- [main] o.s.b.a.e.mvc.EndpointHandlerMapping     : Mapped "{[/resume || /resume.json],methods=[POST]}" onto public java.lang.Object org.springframework.cloud.endpoint.GenericPostableMvcEndpoint.invoke()
2018-04-11 13:23:30.157  INFO 11521 --- [main] o.s.b.a.e.mvc.EndpointHandlerMapping     : Mapped "{[/dump || /dump.json],methods=[GET],produces=[application/vnd.spring-boot.actuator.v1+json || application/json]}" onto public java.lang.Object org.springframework.boot.actuate.endpoint.mvc.EndpointMvcAdapter.invoke()
2018-04-11 13:23:30.157  INFO 11521 --- [main] o.s.b.a.e.mvc.EndpointHandlerMapping     : Mapped "{[/auditevents || /auditevents.json],methods=[GET],produces=[application/vnd.spring-boot.actuator.v1+json || application/json]}" onto public org.springframework.http.ResponseEntity<?> org.springframework.boot.actuate.endpoint.mvc.AuditEventsMvcEndpoint.findByPrincipalAndAfterAndType(java.lang.String,java.util.Date,java.lang.String)
2018-04-11 13:23:30.158  INFO 11521 --- [main] o.s.b.a.e.mvc.EndpointHandlerMapping     : Mapped "{[/mappings || /mappings.json],methods=[GET],produces=[application/vnd.spring-boot.actuator.v1+json || application/json]}" onto public java.lang.Object org.springframework.boot.actuate.endpoint.mvc.EndpointMvcAdapter.invoke()
2018-04-11 13:23:30.158  INFO 11521 --- [main] o.s.b.a.e.mvc.EndpointHandlerMapping     : Mapped "{[/refresh || /refresh.json],methods=[POST]}" onto public java.lang.Object org.springframework.cloud.endpoint.GenericPostableMvcEndpoint.invoke()
2018-04-11 13:23:30.159  INFO 11521 --- [main] o.s.b.a.e.mvc.EndpointHandlerMapping     : Mapped "{[/env/{name:.*}],methods=[GET],produces=[application/vnd.spring-boot.actuator.v1+json || application/json]}" onto public java.lang.Object org.springframework.boot.actuate.endpoint.mvc.EnvironmentMvcEndpoint.value(java.lang.String)
2018-04-11 13:23:30.159  INFO 11521 --- [main] o.s.b.a.e.mvc.EndpointHandlerMapping     : Mapped "{[/env || /env.json],methods=[GET],produces=[application/vnd.spring-boot.actuator.v1+json || application/json]}" onto public java.lang.Object org.springframework.boot.actuate.endpoint.mvc.EndpointMvcAdapter.invoke()
2018-04-11 13:23:30.270  WARN 11521 --- [main] c.n.c.sources.URLConfigurationSource     : No URLs will be polled as dynamic configuration sources.
2018-04-11 13:23:30.270  INFO 11521 --- [main] c.n.c.sources.URLConfigurationSource     : To enable URLs as dynamic configuration sources, define System property archaius.configurationSource.additionalUrls or make config.properties available on classpath.
2018-04-11 13:23:30.273  WARN 11521 --- [main] c.n.c.sources.URLConfigurationSource     : No URLs will be polled as dynamic configuration sources.
2018-04-11 13:23:30.274  INFO 11521 --- [main] c.n.c.sources.URLConfigurationSource     : To enable URLs as dynamic configuration sources, define System property archaius.configurationSource.additionalUrls or make config.properties available on classpath.
2018-04-11 13:23:30.352  INFO 11521 --- [main] o.s.j.e.a.AnnotationMBeanExporter        : Registering beans for JMX exposure on startup
2018-04-11 13:23:30.362  INFO 11521 --- [main] o.s.j.e.a.AnnotationMBeanExporter        : Bean with name 'environmentManager' has been autodetected for JMX exposure
2018-04-11 13:23:30.365  INFO 11521 --- [main] o.s.j.e.a.AnnotationMBeanExporter        : Bean with name 'configurationPropertiesRebinder' has been autodetected for JMX exposure
2018-04-11 13:23:30.366  INFO 11521 --- [main] o.s.j.e.a.AnnotationMBeanExporter        : Bean with name 'refreshEndpoint' has been autodetected for JMX exposure
2018-04-11 13:23:30.366  INFO 11521 --- [main] o.s.j.e.a.AnnotationMBeanExporter        : Bean with name 'restartEndpoint' has been autodetected for JMX exposure
2018-04-11 13:23:30.367  INFO 11521 --- [main] o.s.j.e.a.AnnotationMBeanExporter        : Bean with name 'serviceRegistryEndpoint' has been autodetected for JMX exposure
2018-04-11 13:23:30.368  INFO 11521 --- [main] o.s.j.e.a.AnnotationMBeanExporter        : Bean with name 'refreshScope' has been autodetected for JMX exposure
2018-04-11 13:23:30.370  INFO 11521 --- [main] o.s.j.e.a.AnnotationMBeanExporter        : Located managed bean 'environmentManager': registering with JMX server as MBean [org.springframework.cloud.context.environment:name=environmentManager,type=EnvironmentManager]
2018-04-11 13:23:30.383  INFO 11521 --- [main] o.s.j.e.a.AnnotationMBeanExporter        : Located managed bean 'restartEndpoint': registering with JMX server as MBean [org.springframework.cloud.context.restart:name=restartEndpoint,type=RestartEndpoint]
2018-04-11 13:23:30.394  INFO 11521 --- [main] o.s.j.e.a.AnnotationMBeanExporter        : Located managed bean 'serviceRegistryEndpoint': registering with JMX server as MBean [org.springframework.cloud.client.serviceregistry.endpoint:name=serviceRegistryEndpoint,type=ServiceRegistryEndpoint]
2018-04-11 13:23:30.401  INFO 11521 --- [main] o.s.j.e.a.AnnotationMBeanExporter        : Located managed bean 'refreshScope': registering with JMX server as MBean [org.springframework.cloud.context.scope.refresh:name=refreshScope,type=RefreshScope]
2018-04-11 13:23:30.412  INFO 11521 --- [main] o.s.j.e.a.AnnotationMBeanExporter        : Located managed bean 'configurationPropertiesRebinder': registering with JMX server as MBean [org.springframework.cloud.context.properties:name=configurationPropertiesRebinder,context=7a1234bf,type=ConfigurationPropertiesRebinder]
2018-04-11 13:23:30.417  INFO 11521 --- [main] o.s.j.e.a.AnnotationMBeanExporter        : Located managed bean 'refreshEndpoint': registering with JMX server as MBean [org.springframework.cloud.endpoint:name=refreshEndpoint,type=RefreshEndpoint]
2018-04-11 13:23:30.618  INFO 11521 --- [main] o.s.c.support.DefaultLifecycleProcessor  : Starting beans in phase 0
2018-04-11 13:23:30.624  INFO 11521 --- [main] o.s.c.n.eureka.InstanceInfoFactory       : Setting initial instance status as: STARTING
2018-04-11 13:23:30.654  INFO 11521 --- [main] com.netflix.discovery.DiscoveryClient    : Initializing Eureka in region us-east-1
2018-04-11 13:23:30.840  INFO 11521 --- [main] c.n.d.provider.DiscoveryJerseyProvider   : Using JSON encoding codec LegacyJacksonJson
2018-04-11 13:23:30.840  INFO 11521 --- [main] c.n.d.provider.DiscoveryJerseyProvider   : Using JSON decoding codec LegacyJacksonJson
2018-04-11 13:23:31.012  INFO 11521 --- [main] c.n.d.provider.DiscoveryJerseyProvider   : Using XML encoding codec XStreamXml
2018-04-11 13:23:31.012  INFO 11521 --- [main] c.n.d.provider.DiscoveryJerseyProvider   : Using XML decoding codec XStreamXml
2018-04-11 13:23:31.164  INFO 11521 --- [main] c.n.d.s.r.aws.ConfigClusterResolver      : Resolving eureka endpoints via configuration
2018-04-11 13:23:31.177  INFO 11521 --- [main] com.netflix.discovery.DiscoveryClient    : Disable delta property : false
2018-04-11 13:23:31.177  INFO 11521 --- [main] com.netflix.discovery.DiscoveryClient    : Single vip registry refresh property : null
2018-04-11 13:23:31.177  INFO 11521 --- [main] com.netflix.discovery.DiscoveryClient    : Force full registry fetch : false
2018-04-11 13:23:31.177  INFO 11521 --- [main] com.netflix.discovery.DiscoveryClient    : Application is null : false
2018-04-11 13:23:31.177  INFO 11521 --- [main] com.netflix.discovery.DiscoveryClient    : Registered Applications size is zero : true
2018-04-11 13:23:31.177  INFO 11521 --- [main] com.netflix.discovery.DiscoveryClient    : Application version is -1: true
2018-04-11 13:23:31.177  INFO 11521 --- [main] com.netflix.discovery.DiscoveryClient    : Getting all instance registry info from the eureka server
2018-04-11 13:23:31.303  INFO 11521 --- [main] com.netflix.discovery.DiscoveryClient    : The response status is 200
2018-04-11 13:23:31.304  INFO 11521 --- [main] com.netflix.discovery.DiscoveryClient    : Starting heartbeat executor: renew interval is: 30
2018-04-11 13:23:31.306  INFO 11521 --- [main] c.n.discovery.InstanceInfoReplicator     : InstanceInfoReplicator onDemand update allowed rate per min is 4
2018-04-11 13:23:31.308  INFO 11521 --- [main] com.netflix.discovery.DiscoveryClient    : Discovery Client initialized at timestamp 1523424211308 with initial instances count: 1
2018-04-11 13:23:31.328  INFO 11521 --- [main] o.s.c.n.e.s.EurekaServiceRegistry        : Registering application eureka-consumer with eureka with status UP
2018-04-11 13:23:31.329  INFO 11521 --- [main] com.netflix.discovery.DiscoveryClient    : Saw local status change event StatusChangeEvent [timestamp=1523424211328, current=UP, previous=STARTING]
2018-04-11 13:23:31.330  INFO 11521 --- [DiscoveryClient-InstanceInfoReplicator-0] com.netflix.discovery.DiscoveryClient    : DiscoveryClient_EUREKA-CONSUMER/10.100.70.146:eureka-consumer:2101: registering service...
2018-04-11 13:23:31.362  INFO 11521 --- [DiscoveryClient-InstanceInfoReplicator-0] com.netflix.discovery.DiscoveryClient    : DiscoveryClient_EUREKA-CONSUMER/10.100.70.146:eureka-consumer:2101 - registration status: 204
2018-04-11 13:23:31.445  INFO 11521 --- [main] s.b.c.e.t.TomcatEmbeddedServletContainer : Tomcat started on port(s): 2101 (http)
2018-04-11 13:23:31.445  INFO 11521 --- [main] .s.c.n.e.s.EurekaAutoServiceRegistration : Updating port to 2101
2018-04-11 13:23:31.456  INFO 11521 --- [main] com.didispace.EurekaConsumerFeign        : Started EurekaConsumerFeign in 5.516 seconds (JVM running for 6.728)
2018-04-11 13:23:48.660  INFO 11521 --- [http-nio-2101-exec-1] o.apache.tomcat.util.http.parser.Cookie  : A cookie header was received [1516605518; Hm_lvt_edfb46af1eb24cac4b18e0cfb3af01f0=1511420387; Idea-c5ee07ed=e55284e9-8bb1-4255-b662-4aae2213860c; Hm_lvt_016f5d60f3fb81c4ce4a180a4caec134=1522822076; UM_distinctid=1628f44d96c2b4-0f2ece24b0e4c9-495863-1fa400-1628f44d96efbb; CNZZDATA5796950=cnzz_eid%3D1521381690-1522820326-%26ntime%3D1392358528%26cnzz_a%3D0%26ltime%3D1522822076826] that contained an invalid cookie. That cookie will be ignored.Note: further occurrences of this error will be logged at DEBUG level.
2018-04-11 13:23:48.665  INFO 11521 --- [http-nio-2101-exec-1] o.a.c.c.C.[Tomcat].[localhost].[/]       : Initializing Spring FrameworkServlet 'dispatcherServlet'
2018-04-11 13:23:48.666  INFO 11521 --- [http-nio-2101-exec-1] o.s.web.servlet.DispatcherServlet        : FrameworkServlet 'dispatcherServlet': initialization started
2018-04-11 13:23:48.680  INFO 11521 --- [http-nio-2101-exec-1] o.s.web.servlet.DispatcherServlet        : FrameworkServlet 'dispatcherServlet': initialization completed in 14 ms
2018-04-11 13:23:48.709  INFO 11521 --- [http-nio-2101-exec-1] s.c.a.AnnotationConfigApplicationContext : Refreshing org.springframework.context.annotation.AnnotationConfigApplicationContext@e5cfdda: startup date [Wed Apr 11 13:23:48 CST 2018]; parent: org.springframework.boot.context.embedded.AnnotationConfigEmbeddedWebApplicationContext@7a1234bf
2018-04-11 13:23:48.749  INFO 11521 --- [http-nio-2101-exec-1] f.a.AutowiredAnnotationBeanPostProcessor : JSR-330 'javax.inject.Inject' annotation found and supported for autowiring
2018-04-11 13:23:48.876  INFO 11521 --- [http-nio-2101-exec-1] c.netflix.config.ChainedDynamicProperty  : Flipping property: eureka-client.ribbon.ActiveConnectionsLimit to use NEXT property: niws.loadbalancer.availabilityFilteringRule.activeConnectionsLimit = 2147483647
2018-04-11 13:23:48.890  INFO 11521 --- [http-nio-2101-exec-1] c.n.u.concurrent.ShutdownEnabledTimer    : Shutdown hook installed for: NFLoadBalancer-PingTimer-eureka-client
2018-04-11 13:23:48.905  INFO 11521 --- [http-nio-2101-exec-1] c.netflix.loadbalancer.BaseLoadBalancer  : Client: eureka-client instantiated a LoadBalancer: DynamicServerListLoadBalancer:{NFLoadBalancer:name=eureka-client,current list of Servers=[],Load balancer stats=Zone stats: {},Server stats: []}ServerList:null
2018-04-11 13:23:48.910  INFO 11521 --- [http-nio-2101-exec-1] c.n.l.DynamicServerListLoadBalancer      : Using serverListUpdater PollingServerListUpdater
2018-04-11 13:23:48.928  INFO 11521 --- [http-nio-2101-exec-1] c.netflix.config.ChainedDynamicProperty  : Flipping property: eureka-client.ribbon.ActiveConnectionsLimit to use NEXT property: niws.loadbalancer.availabilityFilteringRule.activeConnectionsLimit = 2147483647
2018-04-11 13:23:48.929  INFO 11521 --- [http-nio-2101-exec-1] c.n.l.DynamicServerListLoadBalancer      : DynamicServerListLoadBalancer for client eureka-client initialized: DynamicServerListLoadBalancer:{NFLoadBalancer:name=eureka-client,current list of Servers=[10.100.70.146:8082],Load balancer stats=Zone stats: {defaultzone=[Zone:defaultzone;	Instance count:1;	Active connections count: 0;	Circuit breaker tripped count: 0;	Active connections per server: 0.0;]
},Server stats: [[Server:10.100.70.146:8082;	Zone:defaultZone;	Total Requests:0;	Successive connection failure:0;	Total blackout seconds:0;	Last connection made:Thu Jan 01 08:00:00 CST 1970;	First connection made: Thu Jan 01 08:00:00 CST 1970;	Active Connections:0;	total failure count in last (1000) msecs:0;	average resp time:0.0;	90 percentile resp time:0.0;	95 percentile resp time:0.0;	min resp time:0.0;	max resp time:0.0;	stddev resp time:0.0]
]}ServerList:org.springframework.cloud.netflix.ribbon.eureka.DomainExtractingServerList@4b47c1c5
2018-04-11 13:23:49.916  INFO 11521 --- [PollingServerListUpdater-0] c.netflix.config.ChainedDynamicProperty  : Flipping property: eureka-client.ribbon.ActiveConnectionsLimit to use NEXT property: niws.loadbalancer.availabilityFilteringRule.activeConnectionsLimit = 2147483647
2018-04-11 13:28:31.185  INFO 11521 --- [AsyncResolver-bootstrap-executor-0] c.n.d.s.r.aws.ConfigClusterResolver      : Resolving eureka endpoints via configuration
